[2026-07-10 11:39:55] This is codeql database create codeql-js-db --language=javascript-typescript --source-root=./frontend --overwrite
[2026-07-10 11:39:55] Log file was started late.
[2026-07-10 11:39:55] [PROGRESS] database create> Initializing database at /Users/epratama/Sites/opencode/website-resume/codeql-js-db.
[2026-07-10 11:39:55] Running plumbing command: codeql database init --overwrite --language=javascript-typescript --extractor-options-verbosity=1 --qlconfig-file=/Users/epratama/Sites/opencode/website-resume/qlconfig.yml --source-root=/Users/epratama/Sites/opencode/website-resume/frontend --allow-missing-source-root=false --allow-already-existing -- /Users/epratama/Sites/opencode/website-resume/codeql-js-db
[2026-07-10 11:39:55] Calling plumbing command: codeql resolve languages --extractor-options-verbosity=1 --format=betterjson
[2026-07-10 11:39:55] [DETAILS] resolve languages> Scanning for [codeql-extractor.yml] from /Users/epratama/.local/share/gh/extensions/gh-codeql/dist/release/v2.26.0/.codeqlmanifest.json
[2026-07-10 11:39:55] [DETAILS] resolve languages> Parsing /Users/epratama/.local/share/gh/extensions/gh-codeql/dist/release/v2.26.0/go/codeql-extractor.yml.
[2026-07-10 11:39:55] [DETAILS] resolve languages> Parsing /Users/epratama/.local/share/gh/extensions/gh-codeql/dist/release/v2.26.0/python/codeql-extractor.yml.
[2026-07-10 11:39:55] [DETAILS] resolve languages> Parsing /Users/epratama/.local/share/gh/extensions/gh-codeql/dist/release/v2.26.0/rust/codeql-extractor.yml.
[2026-07-10 11:39:55] [DETAILS] resolve languages> Parsing /Users/epratama/.local/share/gh/extensions/gh-codeql/dist/release/v2.26.0/java/codeql-extractor.yml.
[2026-07-10 11:39:55] [DETAILS] resolve languages> Parsing /Users/epratama/.local/share/gh/extensions/gh-codeql/dist/release/v2.26.0/html/codeql-extractor.yml.
[2026-07-10 11:39:55] [DETAILS] resolve languages> Parsing /Users/epratama/.local/share/gh/extensions/gh-codeql/dist/release/v2.26.0/xml/codeql-extractor.yml.
[2026-07-10 11:39:55] [DETAILS] resolve languages> Parsing /Users/epratama/.local/share/gh/extensions/gh-codeql/dist/release/v2.26.0/properties/codeql-extractor.yml.
[2026-07-10 11:39:55] [DETAILS] resolve languages> Parsing /Users/epratama/.local/share/gh/extensions/gh-codeql/dist/release/v2.26.0/cpp/codeql-extractor.yml.
[2026-07-10 11:39:55] [DETAILS] resolve languages> Parsing /Users/epratama/.local/share/gh/extensions/gh-codeql/dist/release/v2.26.0/swift/codeql-extractor.yml.
[2026-07-10 11:39:55] [DETAILS] resolve languages> Parsing /Users/epratama/.local/share/gh/extensions/gh-codeql/dist/release/v2.26.0/csv/codeql-extractor.yml.
[2026-07-10 11:39:55] [DETAILS] resolve languages> Parsing /Users/epratama/.local/share/gh/extensions/gh-codeql/dist/release/v2.26.0/actions/codeql-extractor.yml.
[2026-07-10 11:39:55] [DETAILS] resolve languages> Parsing /Users/epratama/.local/share/gh/extensions/gh-codeql/dist/release/v2.26.0/yaml/codeql-extractor.yml.
[2026-07-10 11:39:55] [DETAILS] resolve languages> Parsing /Users/epratama/.local/share/gh/extensions/gh-codeql/dist/release/v2.26.0/csharp/codeql-extractor.yml.
[2026-07-10 11:39:55] [DETAILS] resolve languages> Parsing /Users/epratama/.local/share/gh/extensions/gh-codeql/dist/release/v2.26.0/javascript/codeql-extractor.yml.
[2026-07-10 11:39:55] [DETAILS] resolve languages> Parsing /Users/epratama/.local/share/gh/extensions/gh-codeql/dist/release/v2.26.0/ruby/codeql-extractor.yml.
[2026-07-10 11:39:55] Plumbing command codeql resolve languages completed:
                      {
                        "aliases" : {
                          "c" : "cpp",
                          "c++" : "cpp",
                          "c-c++" : "cpp",
                          "c-cpp" : "cpp",
                          "c#" : "csharp",
                          "java-kotlin" : "java",
                          "kotlin" : "java",
                          "javascript-typescript" : "javascript",
                          "typescript" : "javascript"
                        },
                        "extractors" : {
                          "go" : [
                            {
                              "extractor_root" : "/Users/epratama/.local/share/gh/extensions/gh-codeql/dist/release/v2.26.0/go",
                              "extractor_options" : {
                                "extract_tests" : {
                                  "title" : "Whether to include Go test files in the CodeQL database.",
                                  "description" : "A value indicating whether Go test files should be included in the CodeQL database. The default is 'false'.\n",
                                  "type" : "string",
                                  "pattern" : "^(false|true)$"
                                },
                                "extract_vendor_dirs" : {
                                  "title" : "Whether to include Go vendor directories in the CodeQL database.",
                                  "description" : "A value indicating whether Go vendor directories should be included in the CodeQL database. The default is 'false'.\n",
                                  "type" : "string",
                                  "pattern" : "^(false|true)$"
                                }
                              }
                            }
                          ],
                          "python" : [
                            {
                              "extractor_root" : "/Users/epratama/.local/share/gh/extensions/gh-codeql/dist/release/v2.26.0/python",
                              "extractor_options" : {
                                "logging" : {
                                  "title" : "Options pertaining to logging.",
                                  "description" : "Options pertaining to logging.",
                                  "type" : "object",
                                  "properties" : {
                                    "verbosity" : {
                                      "title" : "Python extractor logging verbosity level.",
                                      "description" : "Controls the level of verbosity of the CodeQL Python extractor.\nThe supported levels are (in order of increasing verbosity):\n\n  - off\n  - errors\n  - warnings\n  - info or progress\n  - debug or progress+\n  - trace or progress++\n  - progress+++\n",
                                      "type" : "string",
                                      "pattern" : "^(off|errors|warnings|(info|progress)|(debug|progress\\+)|(trace|progress\\+\\+)|progress\\+\\+\\+)$"
                                    }
                                  }
                                },
                                "python_executable_name" : {
                                  "title" : "Controls the name of the Python executable used by the Python extractor.",
                                  "description" : "The Python extractor uses platform-dependent heuristics to determine the name of the Python executable to use. Specifying a value for this option overrides the name of the Python executable used by the extractor. Accepted values are py, python and python3. Use this setting with caution, the Python extractor requires Python 3 to run.\n",
                                  "type" : "string",
                                  "pattern" : "^(py|python|python3)$"
                                }
                              }
                            }
                          ],
                          "rust" : [
                            {
                              "extractor_root" : "/Users/epratama/.local/share/gh/extensions/gh-codeql/dist/release/v2.26.0/rust",
                              "extractor_options" : {
                                "trap" : {
                                  "title" : "Options pertaining to TRAP.",
                                  "description" : "Options pertaining to TRAP.",
                                  "type" : "object",
                                  "properties" : {
                                    "compression" : {
                                      "title" : "Controls compression for the TRAP files written by the extractor.",
                                      "description" : "This option is only intended for use in debugging the extractor. Accepted values are 'gzip' (to write gzip-compressed TRAP) 'zstd' (to write Zstandard-compressed TRAP) and 'none' (the default, to write uncompressed TRAP).\n",
                                      "type" : "string",
                                      "pattern" : "^(none|gzip|zstd)$"
                                    }
                                  }
                                },
                                "cargo_target_dir" : {
                                  "title" : "Directory to use for cargo output files.",
                                  "description" : "This value is an optional path to use as `CARGO_TARGET_DIR` for the internal cargo commands the extractor uses. Pointing it to a persistent directory may reduce execution time of consecutive extractor runs. By default, a new scratch directory is used for each run.\n",
                                  "type" : "string"
                                },
                                "cargo_target" : {
                                  "title" : "Target architecture",
                                  "description" : "Target architecture to use for analysis, analogous to `cargo --target`. By default the host architecture is used.\n",
                                  "type" : "string"
                                },
                                "cargo_features" : {
                                  "title" : "Cargo features to turn on",
                                  "description" : "Comma-separated list of features to turn on. By default all features are enabled. If any features are specified, then only those features are enabled. The `default` feature must be explicitly specified if only default features are desired. Can be repeated.\n",
                                  "type" : "array"
                                },
                                "cargo_cfg_overrides" : {
                                  "title" : "Cargo cfg overrides",
                                  "description" : "Comma-separated list of cfg settings to enable, or disable if prefixed with `-`. Can be repeated.\n",
                                  "type" : "array"
                                },
                                "logging" : {
                                  "title" : "Options pertaining to logging.",
                                  "description" : "Options pertaining to logging.",
                                  "type" : "object",
                                  "properties" : {
                                    "verbosity" : {
                                      "title" : "Extractor logging verbosity level.",
                                      "description" : "Controls the level of verbosity of the extractor. The supported levels are (in order of increasing verbosity):\n  - off\n  - errors\n  - warnings\n  - info or progress\n  - debug or progress+\n  - trace or progress++\n  - progress+++\n",
                                      "type" : "string",
                                      "pattern" : "^(off|errors|warnings|(info|progress)|(debug|progress\\+)|(trace|progress\\+\\+)|progress\\+\\+\\+)$"
                                    },
                                    "flamegraph" : {
                                      "title" : "[Experimental] File path for write flame graph log",
                                      "description" : "Collect flame graph data using the `tracing-flame` crate. To render a flame graph or chart, run the `inferno-flamegraph` command. See also: https://crates.io/crates/tracing-flame\n",
                                      "type" : "string"
                                    }
                                  }
                                },
                                "extract_dependencies_as_source" : {
                                  "title" : "Extract dependencies as source code",
                                  "description" : "Extract the full source code of dependencies instead of only extracting signatures.\n",
                                  "type" : "string",
                                  "pattern" : "^(false|true)$"
                                }
                              }
                            }
                          ],
                          "java" : [
                            {
                              "extractor_root" : "/Users/epratama/.local/share/gh/extensions/gh-codeql/dist/release/v2.26.0/java",
                              "extractor_options" : {
                                "exclude" : {
                                  "title" : "A glob excluding files from analysis.",
                                  "description" : "A glob indicating what files to exclude from the analysis. This accepts glob patterns that are supported by Java's 'getPathMatcher' implementation.\n",
                                  "type" : "string"
                                },
                                "add_prefer_source" : {
                                  "title" : "Whether to always prefer source files over class files.",
                                  "description" : "A value indicating whether source files should be preferred over class files. If set to 'true', the extraction adds '-Xprefer:source' to the javac command line. If set to 'false', the extraction uses the default javac behavior ('-Xprefer:newer'). The default is 'true'.\n",
                                  "type" : "string",
                                  "pattern" : "^(false|true)$"
                                },
                                "buildless" : {
                                  "title" : "Whether to use buildless (standalone) extraction (experimental).",
                                  "description" : "A value indicating, which type of extraction the autobuilder should perform. If 'true', then the standalone extractor will be used, otherwise tracing extraction will be performed. The default is 'false'. Note that buildless extraction will generally yield less accurate analysis results, and should only be used in cases where it is not possible to build the code (for example if it uses inaccessible dependencies).\n",
                                  "type" : "string",
                                  "pattern" : "^(false|true)$"
                                },
                                "buildless_dependency_dir" : {
                                  "title" : "The path where buildless (standalone) extraction should keep dependencies.",
                                  "description" : "If set, the buildless (standalone) extractor will store dependencies in this directory.\n",
                                  "type" : "string"
                                },
                                "minimize_dependency_jars" : {
                                  "title" : "Whether to rewrite and minimize downloaded JAR dependencies (experimental).",
                                  "description" : "If 'true', JAR dependencies downloaded during extraction will be rewritten to remove unneeded data, such as method bodies. The default is 'false'.\n",
                                  "type" : "string",
                                  "pattern" : "^(false|true)$"
                                }
                              }
                            }
                          ],
                          "html" : [
                            {
                              "extractor_root" : "/Users/epratama/.local/share/gh/extensions/gh-codeql/dist/release/v2.26.0/html"
                            }
                          ],
                          "xml" : [
                            {
                              "extractor_root" : "/Users/epratama/.local/share/gh/extensions/gh-codeql/dist/release/v2.26.0/xml"
                            }
                          ],
                          "properties" : [
                            {
                              "extractor_root" : "/Users/epratama/.local/share/gh/extensions/gh-codeql/dist/release/v2.26.0/properties"
                            }
                          ],
                          "cpp" : [
                            {
                              "extractor_root" : "/Users/epratama/.local/share/gh/extensions/gh-codeql/dist/release/v2.26.0/cpp",
                              "extractor_options" : {
                                "scale_timeouts" : {
                                  "title" : "Value to scale compiler introspection timeouts with",
                                  "description" : "The extractor attempts to determine what compiler the source code being extracted is compiled with. To this end the extractor makes additional calls to the compiler, some of which are expected to return within a certain fixed time (either 10s or 15s). On some systems that are under high load this time might be too short, and can be scaled up using this option.\n",
                                  "type" : "string",
                                  "pattern" : "[0-9]+"
                                },
                                "log_verbosity" : {
                                  "title" : "Verbosity of the extractor logging",
                                  "description" : "Set the verbosity of the extractor logging to 'quiet' (0), 'normal' (1), 'chatty' (2), or 'noisy' (3). The default is 'normal'.\n",
                                  "type" : "string",
                                  "pattern" : "[0-3]"
                                }
                              }
                            }
                          ],
                          "swift" : [
                            {
                              "extractor_root" : "/Users/epratama/.local/share/gh/extensions/gh-codeql/dist/release/v2.26.0/swift"
                            }
                          ],
                          "csv" : [
                            {
                              "extractor_root" : "/Users/epratama/.local/share/gh/extensions/gh-codeql/dist/release/v2.26.0/csv"
                            }
                          ],
                          "actions" : [
                            {
                              "extractor_root" : "/Users/epratama/.local/share/gh/extensions/gh-codeql/dist/release/v2.26.0/actions",
                              "extractor_options" : { }
                            }
                          ],
                          "yaml" : [
                            {
                              "extractor_root" : "/Users/epratama/.local/share/gh/extensions/gh-codeql/dist/release/v2.26.0/yaml"
                            }
                          ],
                          "csharp" : [
                            {
                              "extractor_root" : "/Users/epratama/.local/share/gh/extensions/gh-codeql/dist/release/v2.26.0/csharp",
                              "extractor_options" : {
                                "trap" : {
                                  "title" : "Options pertaining to TRAP.",
                                  "description" : "Options pertaining to TRAP.",
                                  "type" : "object",
                                  "properties" : {
                                    "compression" : {
                                      "title" : "Controls compression for the TRAP files written by the extractor.",
                                      "description" : "This option is only intended for use in debugging the extractor. Accepted values are 'brotli' (the default, to write brotli-compressed TRAP), 'gzip', and 'none' (to write uncompressed TRAP).\n",
                                      "type" : "string",
                                      "pattern" : "^(none|gzip|brotli)$"
                                    }
                                  }
                                },
                                "buildless" : {
                                  "title" : "DEPRECATED - Whether to use buildless (standalone) extraction.",
                                  "description" : "DEPRECATED: Use `--build-mode none` instead.\nA value indicating, which type of extraction the autobuilder should perform. If 'true', then the standalone extractor will be used, otherwise tracing extraction will be performed. The default is 'false'. Note that buildless extraction will generally yield less accurate analysis results, and should only be used in cases where it is not possible to build the code (for example if it uses inaccessible dependencies).\n",
                                  "type" : "string",
                                  "pattern" : "^(false|true)$"
                                },
                                "logging" : {
                                  "title" : "Options pertaining to logging.",
                                  "description" : "Options pertaining to logging.",
                                  "type" : "object",
                                  "properties" : {
                                    "verbosity" : {
                                      "title" : "Extractor logging verbosity level.",
                                      "description" : "Controls the level of verbosity of the extractor. The supported levels are (in order of increasing verbosity):\n  - off\n  - errors\n  - warnings\n  - info or progress\n  - debug or progress+\n  - trace or progress++\n  - progress+++\n",
                                      "type" : "string",
                                      "pattern" : "^(off|errors|warnings|(info|progress)|(debug|progress\\+)|(trace|progress\\+\\+)|progress\\+\\+\\+)$"
                                    }
                                  }
                                },
                                "binlog" : {
                                  "title" : "Binlog",
                                  "description" : "[EXPERIMENTAL] The value is a path to the MsBuild binary log file that should be extracted. This option only works when `--build-mode none` is also specified.\n",
                                  "type" : "array"
                                },
                                "buildless_dependency_dir" : {
                                  "title" : "The path where buildless (standalone) extraction should keep dependencies.",
                                  "description" : "If set, the buildless (standalone) extractor will store dependencies in this directory.\n",
                                  "type" : "string"
                                }
                              }
                            }
                          ],
                          "javascript" : [
                            {
                              "extractor_root" : "/Users/epratama/.local/share/gh/extensions/gh-codeql/dist/release/v2.26.0/javascript",
                              "extractor_options" : {
                                "skip_types" : {
                                  "title" : "Skip type extraction for TypeScript",
                                  "description" : "Whether to skip the extraction of types in a TypeScript application",
                                  "type" : "string",
                                  "pattern" : "^(false|true)$"
                                }
                              }
                            }
                          ],
                          "ruby" : [
                            {
                              "extractor_root" : "/Users/epratama/.local/share/gh/extensions/gh-codeql/dist/release/v2.26.0/ruby",
                              "extractor_options" : {
                                "trap" : {
                                  "title" : "Options pertaining to TRAP.",
                                  "description" : "Options pertaining to TRAP.",
                                  "type" : "object",
                                  "properties" : {
                                    "compression" : {
                                      "title" : "Controls compression for the TRAP files written by the extractor.",
                                      "description" : "This option is only intended for use in debugging the extractor. Accepted values are 'gzip' (the default, to write gzip-compressed TRAP) 'zstd' (to write Zstandard-compressed TRAP) and 'none' (to write uncompressed TRAP).\n",
                                      "type" : "string",
                                      "pattern" : "^(none|gzip|zstd)$"
                                    }
                                  }
                                }
                              }
                            }
                          ]
                        }
                      }
[2026-07-10 11:39:55] [PROGRESS] database init> Calculating baseline information in /Users/epratama/Sites/opencode/website-resume/frontend
[2026-07-10 11:39:55] [SPAMMY] database init> Ignoring the following directories when processing baseline information: .git, .hg, .svn.
[2026-07-10 11:39:55] [DETAILS] database init> Running command in /Users/epratama/Sites/opencode/website-resume/frontend: /Users/epratama/.local/share/gh/extensions/gh-codeql/dist/release/v2.26.0/tools/osx64/scc --by-file --exclude-dir .git,.hg,.svn --format json --no-large --no-min .
[2026-07-10 11:39:57] Using configure-baseline script /Users/epratama/.local/share/gh/extensions/gh-codeql/dist/release/v2.26.0/javascript/tools/configure-baseline.sh.
[2026-07-10 11:39:57] [PROGRESS] database init> Running command in /Users/epratama/Sites/opencode/website-resume/frontend: [/Users/epratama/.local/share/gh/extensions/gh-codeql/dist/release/v2.26.0/javascript/tools/configure-baseline.sh]
[2026-07-10 11:39:57] [SPAMMY] database init> Ignored an additional 5238 files when processing baseline information for JavaScript due to paths and paths-ignore configuration.
[2026-07-10 11:39:57] [SPAMMY] database init> Ignored an additional 690 files when processing baseline information for TypeScript Typings due to paths and paths-ignore configuration.
[2026-07-10 11:39:57] [SPAMMY] database init> Ignored an additional 158 files when processing baseline information for TypeScript due to paths and paths-ignore configuration.
[2026-07-10 11:39:57] Using configure-baseline script /Users/epratama/.local/share/gh/extensions/gh-codeql/dist/release/v2.26.0/actions/tools/configure-baseline.sh.
[2026-07-10 11:39:57] [PROGRESS] database init> Running command in /Users/epratama/Sites/opencode/website-resume/frontend: [/Users/epratama/.local/share/gh/extensions/gh-codeql/dist/release/v2.26.0/actions/tools/configure-baseline.sh]
[2026-07-10 11:39:58] [SPAMMY] database init> Ignored an additional 10 files when processing baseline information for YAML due to paths and paths-ignore configuration.
[2026-07-10 11:39:58] [SPAMMY] database init> Found 7 baseline files for javascript.
[2026-07-10 11:39:58] [SPAMMY] database init> Found 0 baseline files for actions.
[2026-07-10 11:39:58] [PROGRESS] database init> Calculated baseline information for languages: actions, javascript (2.3s).
[2026-07-10 11:39:58] [PROGRESS] database init> Resolving extractor javascript.
[2026-07-10 11:39:58] [DETAILS] database init> Found candidate extractor root for javascript: /Users/epratama/.local/share/gh/extensions/gh-codeql/dist/release/v2.26.0/javascript.
[2026-07-10 11:39:58] [PROGRESS] database init> Successfully loaded extractor JavaScript/TypeScript (javascript) from /Users/epratama/.local/share/gh/extensions/gh-codeql/dist/release/v2.26.0/javascript.
[2026-07-10 11:39:58] [SPAMMY] database init> Determining macOS System Integrity Protection status...
[2026-07-10 11:39:58] [SPAMMY] database init> Running command [/usr/bin/csrutil, status].
[2026-07-10 11:39:58] [SPAMMY] database init> SIP is enabled.
[2026-07-10 11:39:58] [PROGRESS] database init> Created skeleton CodeQL database at /Users/epratama/Sites/opencode/website-resume/codeql-js-db. This in-progress database is ready to be populated by an extractor.
[2026-07-10 11:39:58] Plumbing command codeql database init completed.
[2026-07-10 11:39:58] [PROGRESS] database create> Running build command: []
[2026-07-10 11:39:58] Running plumbing command: codeql database trace-command --working-dir=/Users/epratama/Sites/opencode/website-resume/frontend --index-traceless-dbs --no-db-cluster -- /Users/epratama/Sites/opencode/website-resume/codeql-js-db
[2026-07-10 11:39:58] Using autobuild script /Users/epratama/.local/share/gh/extensions/gh-codeql/dist/release/v2.26.0/javascript/tools/autobuild.sh.
[2026-07-10 11:39:58] [PROGRESS] database trace-command> Running command in /Users/epratama/Sites/opencode/website-resume/frontend: [/Users/epratama/.local/share/gh/extensions/gh-codeql/dist/release/v2.26.0/javascript/tools/autobuild.sh]
[2026-07-10 11:39:58] [build-stdout] Single-threaded extraction.
[2026-07-10 11:39:59] [build-stdout] Extracting /Users/epratama/Sites/opencode/website-resume/frontend/dist/index.html
[2026-07-10 11:39:59] [build-stdout] Done extracting /Users/epratama/Sites/opencode/website-resume/frontend/dist/index.html (321 ms)
[2026-07-10 11:39:59] [build-stdout] Extracting /Users/epratama/Sites/opencode/website-resume/frontend/index.html
[2026-07-10 11:39:59] [build-stdout] Done extracting /Users/epratama/Sites/opencode/website-resume/frontend/index.html (2 ms)
[2026-07-10 11:39:59] [build-stdout] Extracting /Users/epratama/Sites/opencode/website-resume/frontend/dist/assets/index-CyPdzRt5.js
[2026-07-10 11:39:59] [build-stderr] Skipping file /Users/epratama/Sites/opencode/website-resume/frontend/dist/assets/index-CyPdzRt5.js: File appears to be minified.
[2026-07-10 11:39:59] [build-stdout] Done extracting /Users/epratama/Sites/opencode/website-resume/frontend/dist/assets/index-CyPdzRt5.js (7 ms)
[2026-07-10 11:39:59] [build-stdout] Extracting /Users/epratama/Sites/opencode/website-resume/frontend/src/__tests__/App.test.jsx
[2026-07-10 11:39:59] [build-stdout] Done extracting /Users/epratama/Sites/opencode/website-resume/frontend/src/__tests__/App.test.jsx (52 ms)
[2026-07-10 11:39:59] [build-stdout] Extracting /Users/epratama/Sites/opencode/website-resume/frontend/src/__tests__/ContactForm.test.jsx
[2026-07-10 11:39:59] [build-stdout] Done extracting /Users/epratama/Sites/opencode/website-resume/frontend/src/__tests__/ContactForm.test.jsx (9 ms)
[2026-07-10 11:39:59] [build-stdout] Extracting /Users/epratama/Sites/opencode/website-resume/frontend/src/__tests__/setup.js
[2026-07-10 11:39:59] [build-stdout] Done extracting /Users/epratama/Sites/opencode/website-resume/frontend/src/__tests__/setup.js (3 ms)
[2026-07-10 11:39:59] [build-stdout] Extracting /Users/epratama/Sites/opencode/website-resume/frontend/src/__tests__/useScrollReveal.test.js
[2026-07-10 11:39:59] [build-stdout] Done extracting /Users/epratama/Sites/opencode/website-resume/frontend/src/__tests__/useScrollReveal.test.js (6 ms)
[2026-07-10 11:39:59] [build-stdout] Extracting /Users/epratama/Sites/opencode/website-resume/frontend/src/components/AchievementCard.jsx
[2026-07-10 11:39:59] [build-stdout] Done extracting /Users/epratama/Sites/opencode/website-resume/frontend/src/components/AchievementCard.jsx (4 ms)
[2026-07-10 11:39:59] [build-stdout] Extracting /Users/epratama/Sites/opencode/website-resume/frontend/src/components/App.jsx
[2026-07-10 11:39:59] [build-stdout] Done extracting /Users/epratama/Sites/opencode/website-resume/frontend/src/components/App.jsx (3 ms)
[2026-07-10 11:39:59] [build-stdout] Extracting /Users/epratama/Sites/opencode/website-resume/frontend/src/components/ContactForm.jsx
[2026-07-10 11:39:59] [build-stdout] Done extracting /Users/epratama/Sites/opencode/website-resume/frontend/src/components/ContactForm.jsx (20 ms)
[2026-07-10 11:39:59] [build-stdout] Extracting /Users/epratama/Sites/opencode/website-resume/frontend/src/components/DecorativeShapes.jsx
[2026-07-10 11:39:59] [build-stdout] Done extracting /Users/epratama/Sites/opencode/website-resume/frontend/src/components/DecorativeShapes.jsx (6 ms)
[2026-07-10 11:39:59] [build-stdout] Extracting /Users/epratama/Sites/opencode/website-resume/frontend/src/components/Education.jsx
[2026-07-10 11:39:59] [build-stdout] Done extracting /Users/epratama/Sites/opencode/website-resume/frontend/src/components/Education.jsx (9 ms)
[2026-07-10 11:39:59] [build-stdout] Extracting /Users/epratama/Sites/opencode/website-resume/frontend/src/components/Experience.jsx
[2026-07-10 11:39:59] [build-stdout] Done extracting /Users/epratama/Sites/opencode/website-resume/frontend/src/components/Experience.jsx (2 ms)
[2026-07-10 11:39:59] [build-stdout] Extracting /Users/epratama/Sites/opencode/website-resume/frontend/src/components/ExperienceCard.jsx
[2026-07-10 11:39:59] [build-stdout] Done extracting /Users/epratama/Sites/opencode/website-resume/frontend/src/components/ExperienceCard.jsx (4 ms)
[2026-07-10 11:39:59] [build-stdout] Extracting /Users/epratama/Sites/opencode/website-resume/frontend/src/components/Footer.jsx
[2026-07-10 11:39:59] [build-stdout] Done extracting /Users/epratama/Sites/opencode/website-resume/frontend/src/components/Footer.jsx (5 ms)
[2026-07-10 11:39:59] [build-stdout] Extracting /Users/epratama/Sites/opencode/website-resume/frontend/src/components/Hero.jsx
[2026-07-10 11:39:59] [build-stdout] Done extracting /Users/epratama/Sites/opencode/website-resume/frontend/src/components/Hero.jsx (6 ms)
[2026-07-10 11:39:59] [build-stdout] Extracting /Users/epratama/Sites/opencode/website-resume/frontend/src/components/KeyAchievements.jsx
[2026-07-10 11:39:59] [build-stdout] Done extracting /Users/epratama/Sites/opencode/website-resume/frontend/src/components/KeyAchievements.jsx (2 ms)
[2026-07-10 11:39:59] [build-stdout] Extracting /Users/epratama/Sites/opencode/website-resume/frontend/src/components/Navbar.jsx
[2026-07-10 11:39:59] [build-stdout] Done extracting /Users/epratama/Sites/opencode/website-resume/frontend/src/components/Navbar.jsx (6 ms)
[2026-07-10 11:39:59] [build-stdout] Extracting /Users/epratama/Sites/opencode/website-resume/frontend/src/components/SectionTitle.jsx
[2026-07-10 11:39:59] [build-stdout] Done extracting /Users/epratama/Sites/opencode/website-resume/frontend/src/components/SectionTitle.jsx (2 ms)
[2026-07-10 11:39:59] [build-stdout] Extracting /Users/epratama/Sites/opencode/website-resume/frontend/src/components/SkillGroup.jsx
[2026-07-10 11:39:59] [build-stdout] Done extracting /Users/epratama/Sites/opencode/website-resume/frontend/src/components/SkillGroup.jsx (2 ms)
[2026-07-10 11:39:59] [build-stdout] Extracting /Users/epratama/Sites/opencode/website-resume/frontend/src/components/Skills.jsx
[2026-07-10 11:39:59] [build-stdout] Done extracting /Users/epratama/Sites/opencode/website-resume/frontend/src/components/Skills.jsx (2 ms)
[2026-07-10 11:39:59] [build-stdout] Extracting /Users/epratama/Sites/opencode/website-resume/frontend/src/components/Summary.jsx
[2026-07-10 11:39:59] [build-stdout] Done extracting /Users/epratama/Sites/opencode/website-resume/frontend/src/components/Summary.jsx (3 ms)
[2026-07-10 11:39:59] [build-stdout] Extracting /Users/epratama/Sites/opencode/website-resume/frontend/src/hooks/useScrollReveal.js
[2026-07-10 11:39:59] [build-stdout] Done extracting /Users/epratama/Sites/opencode/website-resume/frontend/src/hooks/useScrollReveal.js (4 ms)
[2026-07-10 11:39:59] [build-stdout] Extracting /Users/epratama/Sites/opencode/website-resume/frontend/src/main.jsx
[2026-07-10 11:39:59] [build-stdout] Done extracting /Users/epratama/Sites/opencode/website-resume/frontend/src/main.jsx (1 ms)
[2026-07-10 11:39:59] [build-stdout] Extracting /Users/epratama/Sites/opencode/website-resume/frontend/package.json
[2026-07-10 11:39:59] [build-stdout] Done extracting /Users/epratama/Sites/opencode/website-resume/frontend/package.json (1 ms)
[2026-07-10 11:39:59] [build-stdout] Extracting /Users/epratama/Sites/opencode/website-resume/frontend/postcss.config.js
[2026-07-10 11:39:59] [build-stdout] Done extracting /Users/epratama/Sites/opencode/website-resume/frontend/postcss.config.js (2 ms)
[2026-07-10 11:39:59] [build-stdout] Extracting /Users/epratama/Sites/opencode/website-resume/frontend/tailwind.config.js
[2026-07-10 11:39:59] [build-stdout] Done extracting /Users/epratama/Sites/opencode/website-resume/frontend/tailwind.config.js (3 ms)
[2026-07-10 11:39:59] [build-stdout] Extracting /Users/epratama/Sites/opencode/website-resume/frontend/vite.config.js
[2026-07-10 11:39:59] [build-stdout] Done extracting /Users/epratama/Sites/opencode/website-resume/frontend/vite.config.js (0 ms)
[2026-07-10 11:39:59] [build-stdout] Extracting /Users/epratama/Sites/opencode/website-resume/frontend/vitest.config.js
[2026-07-10 11:39:59] [build-stdout] Done extracting /Users/epratama/Sites/opencode/website-resume/frontend/vitest.config.js (0 ms)
[2026-07-10 11:39:59] [build-stderr] No externs trap cache found
[2026-07-10 11:39:59] [build-stdout] Extracting /Users/epratama/.local/share/gh/extensions/gh-codeql/dist/release/v2.26.0/javascript/tools/data/externs/nodejs/constants.js
[2026-07-10 11:39:59] [build-stdout] Done extracting /Users/epratama/.local/share/gh/extensions/gh-codeql/dist/release/v2.26.0/javascript/tools/data/externs/nodejs/constants.js (52 ms)
[2026-07-10 11:39:59] [build-stdout] Extracting /Users/epratama/.local/share/gh/extensions/gh-codeql/dist/release/v2.26.0/javascript/tools/data/externs/nodejs/net.js
[2026-07-10 11:39:59] [build-stdout] Done extracting /Users/epratama/.local/share/gh/extensions/gh-codeql/dist/release/v2.26.0/javascript/tools/data/externs/nodejs/net.js (17 ms)
[2026-07-10 11:39:59] [build-stdout] Extracting /Users/epratama/.local/share/gh/extensions/gh-codeql/dist/release/v2.26.0/javascript/tools/data/externs/nodejs/globals.js
[2026-07-10 11:39:59] [build-stdout] Done extracting /Users/epratama/.local/share/gh/extensions/gh-codeql/dist/release/v2.26.0/javascript/tools/data/externs/nodejs/globals.js (59 ms)
[2026-07-10 11:39:59] [build-stdout] Extracting /Users/epratama/.local/share/gh/extensions/gh-codeql/dist/release/v2.26.0/javascript/tools/data/externs/nodejs/events.js
[2026-07-10 11:39:59] [build-stdout] Done extracting /Users/epratama/.local/share/gh/extensions/gh-codeql/dist/release/v2.26.0/javascript/tools/data/externs/nodejs/events.js (4 ms)
[2026-07-10 11:39:59] [build-stdout] Extracting /Users/epratama/.local/share/gh/extensions/gh-codeql/dist/release/v2.26.0/javascript/tools/data/externs/nodejs/repl.js
[2026-07-10 11:39:59] [build-stdout] Done extracting /Users/epratama/.local/share/gh/extensions/gh-codeql/dist/release/v2.26.0/javascript/tools/data/externs/nodejs/repl.js (4 ms)
[2026-07-10 11:39:59] [build-stdout] Extracting /Users/epratama/.local/share/gh/extensions/gh-codeql/dist/release/v2.26.0/javascript/tools/data/externs/nodejs/util.js
[2026-07-10 11:39:59] [build-stdout] Done extracting /Users/epratama/.local/share/gh/extensions/gh-codeql/dist/release/v2.26.0/javascript/tools/data/externs/nodejs/util.js (11 ms)
[2026-07-10 11:39:59] [build-stdout] Extracting /Users/epratama/.local/share/gh/extensions/gh-codeql/dist/release/v2.26.0/javascript/tools/data/externs/nodejs/dgram.js
[2026-07-10 11:39:59] [build-stdout] Done extracting /Users/epratama/.local/share/gh/extensions/gh-codeql/dist/release/v2.26.0/javascript/tools/data/externs/nodejs/dgram.js (6 ms)
[2026-07-10 11:39:59] [build-stdout] Extracting /Users/epratama/.local/share/gh/extensions/gh-codeql/dist/release/v2.26.0/javascript/tools/data/externs/nodejs/vm.js
[2026-07-10 11:39:59] [build-stdout] Done extracting /Users/epratama/.local/share/gh/extensions/gh-codeql/dist/release/v2.26.0/javascript/tools/data/externs/nodejs/vm.js (14 ms)
[2026-07-10 11:39:59] [build-stdout] Extracting /Users/epratama/.local/share/gh/extensions/gh-codeql/dist/release/v2.26.0/javascript/tools/data/externs/nodejs/stream.js
[2026-07-10 11:40:00] [build-stdout] Done extracting /Users/epratama/.local/share/gh/extensions/gh-codeql/dist/release/v2.26.0/javascript/tools/data/externs/nodejs/stream.js (61 ms)
[2026-07-10 11:40:00] [build-stdout] Extracting /Users/epratama/.local/share/gh/extensions/gh-codeql/dist/release/v2.26.0/javascript/tools/data/externs/nodejs/child_process.js
[2026-07-10 11:40:00] [build-stdout] Done extracting /Users/epratama/.local/share/gh/extensions/gh-codeql/dist/release/v2.26.0/javascript/tools/data/externs/nodejs/child_process.js (84 ms)
[2026-07-10 11:40:00] [build-stdout] Extracting /Users/epratama/.local/share/gh/extensions/gh-codeql/dist/release/v2.26.0/javascript/tools/data/externs/nodejs/assert.js
[2026-07-10 11:40:00] [build-stdout] Done extracting /Users/epratama/.local/share/gh/extensions/gh-codeql/dist/release/v2.26.0/javascript/tools/data/externs/nodejs/assert.js (21 ms)
[2026-07-10 11:40:00] [build-stdout] Extracting /Users/epratama/.local/share/gh/extensions/gh-codeql/dist/release/v2.26.0/javascript/tools/data/externs/nodejs/os.js
[2026-07-10 11:40:00] [build-stdout] Done extracting /Users/epratama/.local/share/gh/extensions/gh-codeql/dist/release/v2.26.0/javascript/tools/data/externs/nodejs/os.js (10 ms)
[2026-07-10 11:40:00] [build-stdout] Extracting /Users/epratama/.local/share/gh/extensions/gh-codeql/dist/release/v2.26.0/javascript/tools/data/externs/nodejs/console.js
[2026-07-10 11:40:00] [build-stdout] Done extracting /Users/epratama/.local/share/gh/extensions/gh-codeql/dist/release/v2.26.0/javascript/tools/data/externs/nodejs/console.js (1 ms)
[2026-07-10 11:40:00] [build-stdout] Extracting /Users/epratama/.local/share/gh/extensions/gh-codeql/dist/release/v2.26.0/javascript/tools/data/externs/nodejs/readline.js
[2026-07-10 11:40:00] [build-stdout] Done extracting /Users/epratama/.local/share/gh/extensions/gh-codeql/dist/release/v2.26.0/javascript/tools/data/externs/nodejs/readline.js (17 ms)
[2026-07-10 11:40:00] [build-stdout] Extracting /Users/epratama/.local/share/gh/extensions/gh-codeql/dist/release/v2.26.0/javascript/tools/data/externs/nodejs/punycode.js
[2026-07-10 11:40:00] [build-stdout] Done extracting /Users/epratama/.local/share/gh/extensions/gh-codeql/dist/release/v2.26.0/javascript/tools/data/externs/nodejs/punycode.js (12 ms)
[2026-07-10 11:40:00] [build-stdout] Extracting /Users/epratama/.local/share/gh/extensions/gh-codeql/dist/release/v2.26.0/javascript/tools/data/externs/nodejs/https.js
[2026-07-10 11:40:00] [build-stdout] Done extracting /Users/epratama/.local/share/gh/extensions/gh-codeql/dist/release/v2.26.0/javascript/tools/data/externs/nodejs/https.js (7 ms)
[2026-07-10 11:40:00] [build-stdout] Extracting /Users/epratama/.local/share/gh/extensions/gh-codeql/dist/release/v2.26.0/javascript/tools/data/externs/nodejs/domain.js
[2026-07-10 11:40:00] [build-stdout] Done extracting /Users/epratama/.local/share/gh/extensions/gh-codeql/dist/release/v2.26.0/javascript/tools/data/externs/nodejs/domain.js (8 ms)
[2026-07-10 11:40:00] [build-stdout] Extracting /Users/epratama/.local/share/gh/extensions/gh-codeql/dist/release/v2.26.0/javascript/tools/data/externs/nodejs/dns.js
[2026-07-10 11:40:00] [build-stdout] Done extracting /Users/epratama/.local/share/gh/extensions/gh-codeql/dist/release/v2.26.0/javascript/tools/data/externs/nodejs/dns.js (8 ms)
[2026-07-10 11:40:00] [build-stdout] Extracting /Users/epratama/.local/share/gh/extensions/gh-codeql/dist/release/v2.26.0/javascript/tools/data/externs/nodejs/assert_legacy.js
[2026-07-10 11:40:00] [build-stdout] Done extracting /Users/epratama/.local/share/gh/extensions/gh-codeql/dist/release/v2.26.0/javascript/tools/data/externs/nodejs/assert_legacy.js (1 ms)
[2026-07-10 11:40:00] [build-stdout] Extracting /Users/epratama/.local/share/gh/extensions/gh-codeql/dist/release/v2.26.0/javascript/tools/data/externs/nodejs/tty.js
[2026-07-10 11:40:00] [build-stdout] Done extracting /Users/epratama/.local/share/gh/extensions/gh-codeql/dist/release/v2.26.0/javascript/tools/data/externs/nodejs/tty.js (5 ms)
[2026-07-10 11:40:00] [build-stdout] Extracting /Users/epratama/.local/share/gh/extensions/gh-codeql/dist/release/v2.26.0/javascript/tools/data/externs/nodejs/timers.js
[2026-07-10 11:40:00] [build-stdout] Done extracting /Users/epratama/.local/share/gh/extensions/gh-codeql/dist/release/v2.26.0/javascript/tools/data/externs/nodejs/timers.js (14 ms)
[2026-07-10 11:40:00] [build-stdout] Extracting /Users/epratama/.local/share/gh/extensions/gh-codeql/dist/release/v2.26.0/javascript/tools/data/externs/nodejs/querystring.js
[2026-07-10 11:40:00] [build-stdout] Done extracting /Users/epratama/.local/share/gh/extensions/gh-codeql/dist/release/v2.26.0/javascript/tools/data/externs/nodejs/querystring.js (6 ms)
[2026-07-10 11:40:00] [build-stdout] Extracting /Users/epratama/.local/share/gh/extensions/gh-codeql/dist/release/v2.26.0/javascript/tools/data/externs/nodejs/module.js
[2026-07-10 11:40:00] [build-stdout] Done extracting /Users/epratama/.local/share/gh/extensions/gh-codeql/dist/release/v2.26.0/javascript/tools/data/externs/nodejs/module.js (9 ms)
[2026-07-10 11:40:00] [build-stdout] Extracting /Users/epratama/.local/share/gh/extensions/gh-codeql/dist/release/v2.26.0/javascript/tools/data/externs/nodejs/sys.js
[2026-07-10 11:40:00] [build-stdout] Done extracting /Users/epratama/.local/share/gh/extensions/gh-codeql/dist/release/v2.26.0/javascript/tools/data/externs/nodejs/sys.js (9 ms)
[2026-07-10 11:40:00] [build-stdout] Extracting /Users/epratama/.local/share/gh/extensions/gh-codeql/dist/release/v2.26.0/javascript/tools/data/externs/nodejs/path.js
[2026-07-10 11:40:00] [build-stdout] Done extracting /Users/epratama/.local/share/gh/extensions/gh-codeql/dist/release/v2.26.0/javascript/tools/data/externs/nodejs/path.js (18 ms)
[2026-07-10 11:40:00] [build-stdout] Extracting /Users/epratama/.local/share/gh/extensions/gh-codeql/dist/release/v2.26.0/javascript/tools/data/externs/nodejs/string_decoder.js
[2026-07-10 11:40:00] [build-stdout] Done extracting /Users/epratama/.local/share/gh/extensions/gh-codeql/dist/release/v2.26.0/javascript/tools/data/externs/nodejs/string_decoder.js (2 ms)
[2026-07-10 11:40:00] [build-stdout] Extracting /Users/epratama/.local/share/gh/extensions/gh-codeql/dist/release/v2.26.0/javascript/tools/data/externs/nodejs/cluster.js
[2026-07-10 11:40:00] [build-stdout] Done extracting /Users/epratama/.local/share/gh/extensions/gh-codeql/dist/release/v2.26.0/javascript/tools/data/externs/nodejs/cluster.js (79 ms)
[2026-07-10 11:40:00] [build-stdout] Extracting /Users/epratama/.local/share/gh/extensions/gh-codeql/dist/release/v2.26.0/javascript/tools/data/externs/nodejs/v8.js
[2026-07-10 11:40:00] [build-stdout] Done extracting /Users/epratama/.local/share/gh/extensions/gh-codeql/dist/release/v2.26.0/javascript/tools/data/externs/nodejs/v8.js (4 ms)
[2026-07-10 11:40:00] [build-stdout] Extracting /Users/epratama/.local/share/gh/extensions/gh-codeql/dist/release/v2.26.0/javascript/tools/data/externs/nodejs/crypto.js
[2026-07-10 11:40:00] [build-stdout] Done extracting /Users/epratama/.local/share/gh/extensions/gh-codeql/dist/release/v2.26.0/javascript/tools/data/externs/nodejs/crypto.js (76 ms)
[2026-07-10 11:40:00] [build-stdout] Extracting /Users/epratama/.local/share/gh/extensions/gh-codeql/dist/release/v2.26.0/javascript/tools/data/externs/nodejs/zlib.js
[2026-07-10 11:40:00] [build-stdout] Done extracting /Users/epratama/.local/share/gh/extensions/gh-codeql/dist/release/v2.26.0/javascript/tools/data/externs/nodejs/zlib.js (12 ms)
[2026-07-10 11:40:00] [build-stdout] Extracting /Users/epratama/.local/share/gh/extensions/gh-codeql/dist/release/v2.26.0/javascript/tools/data/externs/nodejs/url.js
[2026-07-10 11:40:00] [build-stdout] Done extracting /Users/epratama/.local/share/gh/extensions/gh-codeql/dist/release/v2.26.0/javascript/tools/data/externs/nodejs/url.js (3 ms)
[2026-07-10 11:40:00] [build-stdout] Extracting /Users/epratama/.local/share/gh/extensions/gh-codeql/dist/release/v2.26.0/javascript/tools/data/externs/nodejs/tls.js
[2026-07-10 11:40:00] [build-stdout] Done extracting /Users/epratama/.local/share/gh/extensions/gh-codeql/dist/release/v2.26.0/javascript/tools/data/externs/nodejs/tls.js (14 ms)
[2026-07-10 11:40:00] [build-stdout] Extracting /Users/epratama/.local/share/gh/extensions/gh-codeql/dist/release/v2.26.0/javascript/tools/data/externs/nodejs/process.js
[2026-07-10 11:40:00] [build-stdout] Done extracting /Users/epratama/.local/share/gh/extensions/gh-codeql/dist/release/v2.26.0/javascript/tools/data/externs/nodejs/process.js (2 ms)
[2026-07-10 11:40:00] [build-stdout] Extracting /Users/epratama/.local/share/gh/extensions/gh-codeql/dist/release/v2.26.0/javascript/tools/data/externs/nodejs/http.js
[2026-07-10 11:40:00] [build-stdout] Done extracting /Users/epratama/.local/share/gh/extensions/gh-codeql/dist/release/v2.26.0/javascript/tools/data/externs/nodejs/http.js (15 ms)
[2026-07-10 11:40:00] [build-stdout] Extracting /Users/epratama/.local/share/gh/extensions/gh-codeql/dist/release/v2.26.0/javascript/tools/data/externs/nodejs/buffer.js
[2026-07-10 11:40:00] [build-stdout] Done extracting /Users/epratama/.local/share/gh/extensions/gh-codeql/dist/release/v2.26.0/javascript/tools/data/externs/nodejs/buffer.js (4 ms)
[2026-07-10 11:40:00] [build-stdout] Extracting /Users/epratama/.local/share/gh/extensions/gh-codeql/dist/release/v2.26.0/javascript/tools/data/externs/nodejs/fs.js
[2026-07-10 11:40:00] [build-stdout] Done extracting /Users/epratama/.local/share/gh/extensions/gh-codeql/dist/release/v2.26.0/javascript/tools/data/externs/nodejs/fs.js (58 ms)
[2026-07-10 11:40:00] [build-stdout] Extracting /Users/epratama/.local/share/gh/extensions/gh-codeql/dist/release/v2.26.0/javascript/tools/data/externs/web/ie_dom.js
[2026-07-10 11:40:00] [build-stdout] Done extracting /Users/epratama/.local/share/gh/extensions/gh-codeql/dist/release/v2.26.0/javascript/tools/data/externs/web/ie_dom.js (27 ms)
[2026-07-10 11:40:00] [build-stdout] Extracting /Users/epratama/.local/share/gh/extensions/gh-codeql/dist/release/v2.26.0/javascript/tools/data/externs/web/mediasource.js
[2026-07-10 11:40:00] [build-stdout] Done extracting /Users/epratama/.local/share/gh/extensions/gh-codeql/dist/release/v2.26.0/javascript/tools/data/externs/web/mediasource.js (4 ms)
[2026-07-10 11:40:00] [build-stdout] Extracting /Users/epratama/.local/share/gh/extensions/gh-codeql/dist/release/v2.26.0/javascript/tools/data/externs/web/html5.js
[2026-07-10 11:40:00] [build-stdout] Done extracting /Users/epratama/.local/share/gh/extensions/gh-codeql/dist/release/v2.26.0/javascript/tools/data/externs/web/html5.js (85 ms)
[2026-07-10 11:40:00] [build-stdout] Extracting /Users/epratama/.local/share/gh/extensions/gh-codeql/dist/release/v2.26.0/javascript/tools/data/externs/web/w3c_anim_timing.js
[2026-07-10 11:40:00] [build-stdout] Done extracting /Users/epratama/.local/share/gh/extensions/gh-codeql/dist/release/v2.26.0/javascript/tools/data/externs/web/w3c_anim_timing.js (2 ms)
[2026-07-10 11:40:00] [build-stdout] Extracting /Users/epratama/.local/share/gh/extensions/gh-codeql/dist/release/v2.26.0/javascript/tools/data/externs/web/w3c_dom3.js
[2026-07-10 11:40:00] [build-stdout] Done extracting /Users/epratama/.local/share/gh/extensions/gh-codeql/dist/release/v2.26.0/javascript/tools/data/externs/web/w3c_dom3.js (15 ms)
[2026-07-10 11:40:00] [build-stdout] Extracting /Users/epratama/.local/share/gh/extensions/gh-codeql/dist/release/v2.26.0/javascript/tools/data/externs/web/fetchapi.js
[2026-07-10 11:40:00] [build-stdout] Done extracting /Users/epratama/.local/share/gh/extensions/gh-codeql/dist/release/v2.26.0/javascript/tools/data/externs/web/fetchapi.js (10 ms)
[2026-07-10 11:40:00] [build-stdout] Extracting /Users/epratama/.local/share/gh/extensions/gh-codeql/dist/release/v2.26.0/javascript/tools/data/externs/web/streamsapi.js
[2026-07-10 11:40:00] [build-stdout] Done extracting /Users/epratama/.local/share/gh/extensions/gh-codeql/dist/release/v2.26.0/javascript/tools/data/externs/web/streamsapi.js (9 ms)
[2026-07-10 11:40:00] [build-stdout] Extracting /Users/epratama/.local/share/gh/extensions/gh-codeql/dist/release/v2.26.0/javascript/tools/data/externs/web/fileapi.js
[2026-07-10 11:40:00] [build-stdout] Done extracting /Users/epratama/.local/share/gh/extensions/gh-codeql/dist/release/v2.26.0/javascript/tools/data/externs/web/fileapi.js (18 ms)
[2026-07-10 11:40:00] [build-stdout] Extracting /Users/epratama/.local/share/gh/extensions/gh-codeql/dist/release/v2.26.0/javascript/tools/data/externs/web/w3c_navigation_timing.js
[2026-07-10 11:40:00] [build-stdout] Done extracting /Users/epratama/.local/share/gh/extensions/gh-codeql/dist/release/v2.26.0/javascript/tools/data/externs/web/w3c_navigation_timing.js (8 ms)
[2026-07-10 11:40:00] [build-stdout] Extracting /Users/epratama/.local/share/gh/extensions/gh-codeql/dist/release/v2.26.0/javascript/tools/data/externs/web/w3c_range.js
[2026-07-10 11:40:00] [build-stdout] Done extracting /Users/epratama/.local/share/gh/extensions/gh-codeql/dist/release/v2.26.0/javascript/tools/data/externs/web/w3c_range.js (5 ms)
[2026-07-10 11:40:00] [build-stdout] Extracting /Users/epratama/.local/share/gh/extensions/gh-codeql/dist/release/v2.26.0/javascript/tools/data/externs/web/w3c_indexeddb.js
[2026-07-10 11:40:00] [build-stdout] Done extracting /Users/epratama/.local/share/gh/extensions/gh-codeql/dist/release/v2.26.0/javascript/tools/data/externs/web/w3c_indexeddb.js (16 ms)
[2026-07-10 11:40:00] [build-stdout] Extracting /Users/epratama/.local/share/gh/extensions/gh-codeql/dist/release/v2.26.0/javascript/tools/data/externs/web/w3c_dom2.js
[2026-07-10 11:40:00] [build-stdout] Done extracting /Users/epratama/.local/share/gh/extensions/gh-codeql/dist/release/v2.26.0/javascript/tools/data/externs/web/w3c_dom2.js (40 ms)
[2026-07-10 11:40:00] [build-stdout] Extracting /Users/epratama/.local/share/gh/extensions/gh-codeql/dist/release/v2.26.0/javascript/tools/data/externs/web/w3c_elementtraversal.js
[2026-07-10 11:40:00] [build-stdout] Done extracting /Users/epratama/.local/share/gh/extensions/gh-codeql/dist/release/v2.26.0/javascript/tools/data/externs/web/w3c_elementtraversal.js (2 ms)
[2026-07-10 11:40:00] [build-stdout] Extracting /Users/epratama/.local/share/gh/extensions/gh-codeql/dist/release/v2.26.0/javascript/tools/data/externs/web/w3c_webcrypto.js
[2026-07-10 11:40:00] [build-stdout] Done extracting /Users/epratama/.local/share/gh/extensions/gh-codeql/dist/release/v2.26.0/javascript/tools/data/externs/web/w3c_webcrypto.js (8 ms)
[2026-07-10 11:40:00] [build-stdout] Extracting /Users/epratama/.local/share/gh/extensions/gh-codeql/dist/release/v2.26.0/javascript/tools/data/externs/web/ie_vml.js
[2026-07-10 11:40:00] [build-stdout] Done extracting /Users/epratama/.local/share/gh/extensions/gh-codeql/dist/release/v2.26.0/javascript/tools/data/externs/web/ie_vml.js (1 ms)
[2026-07-10 11:40:00] [build-stdout] Extracting /Users/epratama/.local/share/gh/extensions/gh-codeql/dist/release/v2.26.0/javascript/tools/data/externs/web/intl.js
[2026-07-10 11:40:00] [build-stdout] Done extracting /Users/epratama/.local/share/gh/extensions/gh-codeql/dist/release/v2.26.0/javascript/tools/data/externs/web/intl.js (4 ms)
[2026-07-10 11:40:00] [build-stdout] Extracting /Users/epratama/.local/share/gh/extensions/gh-codeql/dist/release/v2.26.0/javascript/tools/data/externs/web/w3c_rtc.js
[2026-07-10 11:40:00] [build-stdout] Done extracting /Users/epratama/.local/share/gh/extensions/gh-codeql/dist/release/v2.26.0/javascript/tools/data/externs/web/w3c_rtc.js (38 ms)
[2026-07-10 11:40:00] [build-stdout] Extracting /Users/epratama/.local/share/gh/extensions/gh-codeql/dist/release/v2.26.0/javascript/tools/data/externs/web/w3c_requestidlecallback.js
[2026-07-10 11:40:00] [build-stdout] Done extracting /Users/epratama/.local/share/gh/extensions/gh-codeql/dist/release/v2.26.0/javascript/tools/data/externs/web/w3c_requestidlecallback.js (2 ms)
[2026-07-10 11:40:00] [build-stdout] Extracting /Users/epratama/.local/share/gh/extensions/gh-codeql/dist/release/v2.26.0/javascript/tools/data/externs/web/w3c_geolocation.js
[2026-07-10 11:40:00] [build-stdout] Done extracting /Users/epratama/.local/share/gh/extensions/gh-codeql/dist/release/v2.26.0/javascript/tools/data/externs/web/w3c_geolocation.js (3 ms)
[2026-07-10 11:40:00] [build-stdout] Extracting /Users/epratama/.local/share/gh/extensions/gh-codeql/dist/release/v2.26.0/javascript/tools/data/externs/web/webstorage.js
[2026-07-10 11:40:00] [build-stdout] Done extracting /Users/epratama/.local/share/gh/extensions/gh-codeql/dist/release/v2.26.0/javascript/tools/data/externs/web/webstorage.js (2 ms)
[2026-07-10 11:40:00] [build-stdout] Extracting /Users/epratama/.local/share/gh/extensions/gh-codeql/dist/release/v2.26.0/javascript/tools/data/externs/web/webkit_usercontent.js
[2026-07-10 11:40:00] [build-stdout] Done extracting /Users/epratama/.local/share/gh/extensions/gh-codeql/dist/release/v2.26.0/javascript/tools/data/externs/web/webkit_usercontent.js (1 ms)
[2026-07-10 11:40:00] [build-stdout] Extracting /Users/epratama/.local/share/gh/extensions/gh-codeql/dist/release/v2.26.0/javascript/tools/data/externs/web/window.js
[2026-07-10 11:40:00] [build-stdout] Done extracting /Users/epratama/.local/share/gh/extensions/gh-codeql/dist/release/v2.26.0/javascript/tools/data/externs/web/window.js (3 ms)
[2026-07-10 11:40:00] [build-stdout] Extracting /Users/epratama/.local/share/gh/extensions/gh-codeql/dist/release/v2.26.0/javascript/tools/data/externs/web/page_visibility.js
[2026-07-10 11:40:00] [build-stdout] Done extracting /Users/epratama/.local/share/gh/extensions/gh-codeql/dist/release/v2.26.0/javascript/tools/data/externs/web/page_visibility.js (0 ms)
[2026-07-10 11:40:00] [build-stdout] Extracting /Users/epratama/.local/share/gh/extensions/gh-codeql/dist/release/v2.26.0/javascript/tools/data/externs/web/webgl.js
[2026-07-10 11:40:00] [build-stdout] Done extracting /Users/epratama/.local/share/gh/extensions/gh-codeql/dist/release/v2.26.0/javascript/tools/data/externs/web/webgl.js (62 ms)
[2026-07-10 11:40:00] [build-stdout] Extracting /Users/epratama/.local/share/gh/extensions/gh-codeql/dist/release/v2.26.0/javascript/tools/data/externs/web/w3c_touch_event.js
[2026-07-10 11:40:00] [build-stdout] Done extracting /Users/epratama/.local/share/gh/extensions/gh-codeql/dist/release/v2.26.0/javascript/tools/data/externs/web/w3c_touch_event.js (7 ms)
[2026-07-10 11:40:00] [build-stdout] Extracting /Users/epratama/.local/share/gh/extensions/gh-codeql/dist/release/v2.26.0/javascript/tools/data/externs/web/w3c_event.js
[2026-07-10 11:40:00] [build-stdout] Done extracting /Users/epratama/.local/share/gh/extensions/gh-codeql/dist/release/v2.26.0/javascript/tools/data/externs/web/w3c_event.js (12 ms)
[2026-07-10 11:40:00] [build-stdout] Extracting /Users/epratama/.local/share/gh/extensions/gh-codeql/dist/release/v2.26.0/javascript/tools/data/externs/web/whatwg_encoding.js
[2026-07-10 11:40:00] [build-stdout] Done extracting /Users/epratama/.local/share/gh/extensions/gh-codeql/dist/release/v2.26.0/javascript/tools/data/externs/web/whatwg_encoding.js (1 ms)
[2026-07-10 11:40:00] [build-stdout] Extracting /Users/epratama/.local/share/gh/extensions/gh-codeql/dist/release/v2.26.0/javascript/tools/data/externs/web/w3c_event3.js
[2026-07-10 11:40:00] [build-stdout] Done extracting /Users/epratama/.local/share/gh/extensions/gh-codeql/dist/release/v2.26.0/javascript/tools/data/externs/web/w3c_event3.js (1 ms)
[2026-07-10 11:40:00] [build-stdout] Extracting /Users/epratama/.local/share/gh/extensions/gh-codeql/dist/release/v2.26.0/javascript/tools/data/externs/web/gecko_xml.js
[2026-07-10 11:40:00] [build-stdout] Done extracting /Users/epratama/.local/share/gh/extensions/gh-codeql/dist/release/v2.26.0/javascript/tools/data/externs/web/gecko_xml.js (1 ms)
[2026-07-10 11:40:00] [build-stdout] Extracting /Users/epratama/.local/share/gh/extensions/gh-codeql/dist/release/v2.26.0/javascript/tools/data/externs/web/ie_event.js
[2026-07-10 11:40:00] [build-stdout] Done extracting /Users/epratama/.local/share/gh/extensions/gh-codeql/dist/release/v2.26.0/javascript/tools/data/externs/web/ie_event.js (5 ms)
[2026-07-10 11:40:00] [build-stdout] Extracting /Users/epratama/.local/share/gh/extensions/gh-codeql/dist/release/v2.26.0/javascript/tools/data/externs/web/w3c_css.js
[2026-07-10 11:40:01] [build-stdout] Done extracting /Users/epratama/.local/share/gh/extensions/gh-codeql/dist/release/v2.26.0/javascript/tools/data/externs/web/w3c_css.js (35 ms)
[2026-07-10 11:40:01] [build-stdout] Extracting /Users/epratama/.local/share/gh/extensions/gh-codeql/dist/release/v2.26.0/javascript/tools/data/externs/web/ie_css.js
[2026-07-10 11:40:01] [build-stdout] Done extracting /Users/epratama/.local/share/gh/extensions/gh-codeql/dist/release/v2.26.0/javascript/tools/data/externs/web/ie_css.js (5 ms)
[2026-07-10 11:40:01] [build-stdout] Extracting /Users/epratama/.local/share/gh/extensions/gh-codeql/dist/release/v2.26.0/javascript/tools/data/externs/web/webkit_css.js
[2026-07-10 11:40:01] [build-stdout] Done extracting /Users/epratama/.local/share/gh/extensions/gh-codeql/dist/release/v2.26.0/javascript/tools/data/externs/web/webkit_css.js (23 ms)
[2026-07-10 11:40:01] [build-stdout] Extracting /Users/epratama/.local/share/gh/extensions/gh-codeql/dist/release/v2.26.0/javascript/tools/data/externs/web/w3c_xml.js
[2026-07-10 11:40:01] [build-stdout] Done extracting /Users/epratama/.local/share/gh/extensions/gh-codeql/dist/release/v2.26.0/javascript/tools/data/externs/web/w3c_xml.js (7 ms)
[2026-07-10 11:40:01] [build-stdout] Extracting /Users/epratama/.local/share/gh/extensions/gh-codeql/dist/release/v2.26.0/javascript/tools/data/externs/web/gecko_css.js
[2026-07-10 11:40:01] [build-stdout] Done extracting /Users/epratama/.local/share/gh/extensions/gh-codeql/dist/release/v2.26.0/javascript/tools/data/externs/web/gecko_css.js (6 ms)
[2026-07-10 11:40:01] [build-stdout] Extracting /Users/epratama/.local/share/gh/extensions/gh-codeql/dist/release/v2.26.0/javascript/tools/data/externs/web/iphone.js
[2026-07-10 11:40:01] [build-stdout] Done extracting /Users/epratama/.local/share/gh/extensions/gh-codeql/dist/release/v2.26.0/javascript/tools/data/externs/web/iphone.js (3 ms)
[2026-07-10 11:40:01] [build-stdout] Extracting /Users/epratama/.local/share/gh/extensions/gh-codeql/dist/release/v2.26.0/javascript/tools/data/externs/web/w3c_selectors.js
[2026-07-10 11:40:01] [build-stdout] Done extracting /Users/epratama/.local/share/gh/extensions/gh-codeql/dist/release/v2.26.0/javascript/tools/data/externs/web/w3c_selectors.js (2 ms)
[2026-07-10 11:40:01] [build-stdout] Extracting /Users/epratama/.local/share/gh/extensions/gh-codeql/dist/release/v2.26.0/javascript/tools/data/externs/web/chrome.js
[2026-07-10 11:40:01] [build-stdout] Done extracting /Users/epratama/.local/share/gh/extensions/gh-codeql/dist/release/v2.26.0/javascript/tools/data/externs/web/chrome.js (11 ms)
[2026-07-10 11:40:01] [build-stdout] Extracting /Users/epratama/.local/share/gh/extensions/gh-codeql/dist/release/v2.26.0/javascript/tools/data/externs/web/w3c_batterystatus.js
[2026-07-10 11:40:01] [build-stdout] Done extracting /Users/epratama/.local/share/gh/extensions/gh-codeql/dist/release/v2.26.0/javascript/tools/data/externs/web/w3c_batterystatus.js (1 ms)
[2026-07-10 11:40:01] [build-stdout] Extracting /Users/epratama/.local/share/gh/extensions/gh-codeql/dist/release/v2.26.0/javascript/tools/data/externs/web/webkit_notifications.js
[2026-07-10 11:40:01] [build-stdout] Done extracting /Users/epratama/.local/share/gh/extensions/gh-codeql/dist/release/v2.26.0/javascript/tools/data/externs/web/webkit_notifications.js (6 ms)
[2026-07-10 11:40:01] [build-stdout] Extracting /Users/epratama/.local/share/gh/extensions/gh-codeql/dist/release/v2.26.0/javascript/tools/data/externs/web/w3c_screen_orientation.js
[2026-07-10 11:40:01] [build-stdout] Done extracting /Users/epratama/.local/share/gh/extensions/gh-codeql/dist/release/v2.26.0/javascript/tools/data/externs/web/w3c_screen_orientation.js (1 ms)
[2026-07-10 11:40:01] [build-stdout] Extracting /Users/epratama/.local/share/gh/extensions/gh-codeql/dist/release/v2.26.0/javascript/tools/data/externs/web/w3c_midi.js
[2026-07-10 11:40:01] [build-stdout] Done extracting /Users/epratama/.local/share/gh/extensions/gh-codeql/dist/release/v2.26.0/javascript/tools/data/externs/web/w3c_midi.js (5 ms)
[2026-07-10 11:40:01] [build-stdout] Extracting /Users/epratama/.local/share/gh/extensions/gh-codeql/dist/release/v2.26.0/javascript/tools/data/externs/web/w3c_serviceworker.js
[2026-07-10 11:40:01] [build-stdout] Done extracting /Users/epratama/.local/share/gh/extensions/gh-codeql/dist/release/v2.26.0/javascript/tools/data/externs/web/w3c_serviceworker.js (12 ms)
[2026-07-10 11:40:01] [build-stdout] Extracting /Users/epratama/.local/share/gh/extensions/gh-codeql/dist/release/v2.26.0/javascript/tools/data/externs/web/w3c_device_sensor_event.js
[2026-07-10 11:40:01] [build-stdout] Done extracting /Users/epratama/.local/share/gh/extensions/gh-codeql/dist/release/v2.26.0/javascript/tools/data/externs/web/w3c_device_sensor_event.js (2 ms)
[2026-07-10 11:40:01] [build-stdout] Extracting /Users/epratama/.local/share/gh/extensions/gh-codeql/dist/release/v2.26.0/javascript/tools/data/externs/web/webkit_event.js
[2026-07-10 11:40:01] [build-stdout] Done extracting /Users/epratama/.local/share/gh/extensions/gh-codeql/dist/release/v2.26.0/javascript/tools/data/externs/web/webkit_event.js (1 ms)
[2026-07-10 11:40:01] [build-stdout] Extracting /Users/epratama/.local/share/gh/extensions/gh-codeql/dist/release/v2.26.0/javascript/tools/data/externs/web/w3c_permissions.js
[2026-07-10 11:40:01] [build-stdout] Done extracting /Users/epratama/.local/share/gh/extensions/gh-codeql/dist/release/v2.26.0/javascript/tools/data/externs/web/w3c_permissions.js (2 ms)
[2026-07-10 11:40:01] [build-stdout] Extracting /Users/epratama/.local/share/gh/extensions/gh-codeql/dist/release/v2.26.0/javascript/tools/data/externs/web/w3c_gamepad.js
[2026-07-10 11:40:01] [build-stdout] Done extracting /Users/epratama/.local/share/gh/extensions/gh-codeql/dist/release/v2.26.0/javascript/tools/data/externs/web/w3c_gamepad.js (2 ms)
[2026-07-10 11:40:01] [build-stdout] Extracting /Users/epratama/.local/share/gh/extensions/gh-codeql/dist/release/v2.26.0/javascript/tools/data/externs/web/w3c_dom1.js
[2026-07-10 11:40:01] [build-stdout] Done extracting /Users/epratama/.local/share/gh/extensions/gh-codeql/dist/release/v2.26.0/javascript/tools/data/externs/web/w3c_dom1.js (19 ms)
[2026-07-10 11:40:01] [build-stdout] Extracting /Users/epratama/.local/share/gh/extensions/gh-codeql/dist/release/v2.26.0/javascript/tools/data/externs/web/url.js
[2026-07-10 11:40:01] [build-stdout] Done extracting /Users/epratama/.local/share/gh/extensions/gh-codeql/dist/release/v2.26.0/javascript/tools/data/externs/web/url.js (3 ms)
[2026-07-10 11:40:01] [build-stdout] Extracting /Users/epratama/.local/share/gh/extensions/gh-codeql/dist/release/v2.26.0/javascript/tools/data/externs/web/gecko_event.js
[2026-07-10 11:40:01] [build-stdout] Done extracting /Users/epratama/.local/share/gh/extensions/gh-codeql/dist/release/v2.26.0/javascript/tools/data/externs/web/gecko_event.js (2 ms)
[2026-07-10 11:40:01] [build-stdout] Extracting /Users/epratama/.local/share/gh/extensions/gh-codeql/dist/release/v2.26.0/javascript/tools/data/externs/web/w3c_encoding.js
[2026-07-10 11:40:01] [build-stdout] Done extracting /Users/epratama/.local/share/gh/extensions/gh-codeql/dist/release/v2.26.0/javascript/tools/data/externs/web/w3c_encoding.js (1 ms)
[2026-07-10 11:40:01] [build-stdout] Extracting /Users/epratama/.local/share/gh/extensions/gh-codeql/dist/release/v2.26.0/javascript/tools/data/externs/web/flash.js
[2026-07-10 11:40:01] [build-stdout] Done extracting /Users/epratama/.local/share/gh/extensions/gh-codeql/dist/release/v2.26.0/javascript/tools/data/externs/web/flash.js (4 ms)
[2026-07-10 11:40:01] [build-stdout] Extracting /Users/epratama/.local/share/gh/extensions/gh-codeql/dist/release/v2.26.0/javascript/tools/data/externs/web/w3c_pointer_events.js
[2026-07-10 11:40:01] [build-stdout] Done extracting /Users/epratama/.local/share/gh/extensions/gh-codeql/dist/release/v2.26.0/javascript/tools/data/externs/web/w3c_pointer_events.js (2 ms)
[2026-07-10 11:40:01] [build-stdout] Extracting /Users/epratama/.local/share/gh/extensions/gh-codeql/dist/release/v2.26.0/javascript/tools/data/externs/web/gecko_ext.js
[2026-07-10 11:40:01] [build-stdout] Done extracting /Users/epratama/.local/share/gh/extensions/gh-codeql/dist/release/v2.26.0/javascript/tools/data/externs/web/gecko_ext.js (0 ms)
[2026-07-10 11:40:01] [build-stdout] Extracting /Users/epratama/.local/share/gh/extensions/gh-codeql/dist/release/v2.26.0/javascript/tools/data/externs/web/gecko_dom.js
[2026-07-10 11:40:01] [build-stdout] Done extracting /Users/epratama/.local/share/gh/extensions/gh-codeql/dist/release/v2.26.0/javascript/tools/data/externs/web/gecko_dom.js (14 ms)
[2026-07-10 11:40:01] [build-stdout] Extracting /Users/epratama/.local/share/gh/extensions/gh-codeql/dist/release/v2.26.0/javascript/tools/data/externs/web/webkit_dom.js
[2026-07-10 11:40:01] [build-stdout] Done extracting /Users/epratama/.local/share/gh/extensions/gh-codeql/dist/release/v2.26.0/javascript/tools/data/externs/web/webkit_dom.js (7 ms)
[2026-07-10 11:40:01] [build-stdout] Extracting /Users/epratama/.local/share/gh/extensions/gh-codeql/dist/release/v2.26.0/javascript/tools/data/externs/web/w3c_css3d.js
[2026-07-10 11:40:01] [build-stdout] Done extracting /Users/epratama/.local/share/gh/extensions/gh-codeql/dist/release/v2.26.0/javascript/tools/data/externs/web/w3c_css3d.js (5 ms)
[2026-07-10 11:40:01] [build-stdout] Extracting /Users/epratama/.local/share/gh/extensions/gh-codeql/dist/release/v2.26.0/javascript/tools/data/externs/web/w3c_dom4.js
[2026-07-10 11:40:01] [build-stdout] Done extracting /Users/epratama/.local/share/gh/extensions/gh-codeql/dist/release/v2.26.0/javascript/tools/data/externs/web/w3c_dom4.js (2 ms)
[2026-07-10 11:40:01] [build-stdout] Extracting /Users/epratama/.local/share/gh/extensions/gh-codeql/dist/release/v2.26.0/javascript/tools/data/externs/vm/rhino.js
[2026-07-10 11:40:01] [build-stdout] Done extracting /Users/epratama/.local/share/gh/extensions/gh-codeql/dist/release/v2.26.0/javascript/tools/data/externs/vm/rhino.js (2 ms)
[2026-07-10 11:40:01] [build-stdout] Extracting /Users/epratama/.local/share/gh/extensions/gh-codeql/dist/release/v2.26.0/javascript/tools/data/externs/vm/v8.js
[2026-07-10 11:40:01] [build-stdout] Done extracting /Users/epratama/.local/share/gh/extensions/gh-codeql/dist/release/v2.26.0/javascript/tools/data/externs/vm/v8.js (3 ms)
[2026-07-10 11:40:01] [build-stdout] Extracting /Users/epratama/.local/share/gh/extensions/gh-codeql/dist/release/v2.26.0/javascript/tools/data/externs/vm/spidermonkey.js
[2026-07-10 11:40:01] [build-stdout] Done extracting /Users/epratama/.local/share/gh/extensions/gh-codeql/dist/release/v2.26.0/javascript/tools/data/externs/vm/spidermonkey.js (1 ms)
[2026-07-10 11:40:01] [build-stdout] Extracting /Users/epratama/.local/share/gh/extensions/gh-codeql/dist/release/v2.26.0/javascript/tools/data/externs/vm/jsshell.js
[2026-07-10 11:40:01] [build-stdout] Done extracting /Users/epratama/.local/share/gh/extensions/gh-codeql/dist/release/v2.26.0/javascript/tools/data/externs/vm/jsshell.js (12 ms)
[2026-07-10 11:40:01] [build-stdout] Extracting /Users/epratama/.local/share/gh/extensions/gh-codeql/dist/release/v2.26.0/javascript/tools/data/externs/lib/jquery-3.2.js
[2026-07-10 11:40:01] [build-stdout] Done extracting /Users/epratama/.local/share/gh/extensions/gh-codeql/dist/release/v2.26.0/javascript/tools/data/externs/lib/jquery-3.2.js (55 ms)
[2026-07-10 11:40:01] [build-stdout] Extracting /Users/epratama/.local/share/gh/extensions/gh-codeql/dist/release/v2.26.0/javascript/tools/data/externs/lib/bdd.js
[2026-07-10 11:40:01] [build-stdout] Done extracting /Users/epratama/.local/share/gh/extensions/gh-codeql/dist/release/v2.26.0/javascript/tools/data/externs/lib/bdd.js (4 ms)
[2026-07-10 11:40:01] [build-stdout] Extracting /Users/epratama/.local/share/gh/extensions/gh-codeql/dist/release/v2.26.0/javascript/tools/data/externs/lib/should.js
[2026-07-10 11:40:01] [build-stdout] Done extracting /Users/epratama/.local/share/gh/extensions/gh-codeql/dist/release/v2.26.0/javascript/tools/data/externs/lib/should.js (6 ms)
[2026-07-10 11:40:01] [build-stdout] Extracting /Users/epratama/.local/share/gh/extensions/gh-codeql/dist/release/v2.26.0/javascript/tools/data/externs/lib/vows.js
[2026-07-10 11:40:01] [build-stdout] Done extracting /Users/epratama/.local/share/gh/extensions/gh-codeql/dist/release/v2.26.0/javascript/tools/data/externs/lib/vows.js (6 ms)
[2026-07-10 11:40:01] [build-stdout] Extracting /Users/epratama/.local/share/gh/extensions/gh-codeql/dist/release/v2.26.0/javascript/tools/data/externs/es/proxy.js
[2026-07-10 11:40:01] [build-stdout] Done extracting /Users/epratama/.local/share/gh/extensions/gh-codeql/dist/release/v2.26.0/javascript/tools/data/externs/es/proxy.js (1 ms)
[2026-07-10 11:40:01] [build-stdout] Extracting /Users/epratama/.local/share/gh/extensions/gh-codeql/dist/release/v2.26.0/javascript/tools/data/externs/es/es5.js
[2026-07-10 11:40:01] [build-stdout] Done extracting /Users/epratama/.local/share/gh/extensions/gh-codeql/dist/release/v2.26.0/javascript/tools/data/externs/es/es5.js (4 ms)
[2026-07-10 11:40:01] [build-stdout] Extracting /Users/epratama/.local/share/gh/extensions/gh-codeql/dist/release/v2.26.0/javascript/tools/data/externs/es/intl.js
[2026-07-10 11:40:01] [build-stdout] Done extracting /Users/epratama/.local/share/gh/extensions/gh-codeql/dist/release/v2.26.0/javascript/tools/data/externs/es/intl.js (4 ms)
[2026-07-10 11:40:01] [build-stdout] Extracting /Users/epratama/.local/share/gh/extensions/gh-codeql/dist/release/v2.26.0/javascript/tools/data/externs/es/es6_collections.js
[2026-07-10 11:40:01] [build-stdout] Done extracting /Users/epratama/.local/share/gh/extensions/gh-codeql/dist/release/v2.26.0/javascript/tools/data/externs/es/es6_collections.js (4 ms)
[2026-07-10 11:40:01] [build-stdout] Extracting /Users/epratama/.local/share/gh/extensions/gh-codeql/dist/release/v2.26.0/javascript/tools/data/externs/es/es6.js
[2026-07-10 11:40:01] [build-stdout] Done extracting /Users/epratama/.local/share/gh/extensions/gh-codeql/dist/release/v2.26.0/javascript/tools/data/externs/es/es6.js (31 ms)
[2026-07-10 11:40:01] [build-stdout] Extracting /Users/epratama/.local/share/gh/extensions/gh-codeql/dist/release/v2.26.0/javascript/tools/data/externs/es/es2017.js
[2026-07-10 11:40:01] [build-stdout] Done extracting /Users/epratama/.local/share/gh/extensions/gh-codeql/dist/release/v2.26.0/javascript/tools/data/externs/es/es2017.js (1 ms)
[2026-07-10 11:40:01] [build-stdout] Extracting /Users/epratama/.local/share/gh/extensions/gh-codeql/dist/release/v2.26.0/javascript/tools/data/externs/es/es3.js
[2026-07-10 11:40:01] [build-stdout] Done extracting /Users/epratama/.local/share/gh/extensions/gh-codeql/dist/release/v2.26.0/javascript/tools/data/externs/es/es3.js (69 ms)
[2026-07-10 11:40:01] [build-stdout] Extracting /Users/epratama/.local/share/gh/extensions/gh-codeql/dist/release/v2.26.0/javascript/tools/data/externs/es/es2016.js
[2026-07-10 11:40:01] [build-stdout] Done extracting /Users/epratama/.local/share/gh/extensions/gh-codeql/dist/release/v2.26.0/javascript/tools/data/externs/es/es2016.js (2 ms)
[2026-07-10 11:40:01] Plumbing command codeql database trace-command completed.
[2026-07-10 11:40:01] [PROGRESS] database create> Finalizing database at /Users/epratama/Sites/opencode/website-resume/codeql-js-db.
[2026-07-10 11:40:01] Running plumbing command: codeql database finalize --no-db-cluster -- /Users/epratama/Sites/opencode/website-resume/codeql-js-db
[2026-07-10 11:40:01] [PROGRESS] database finalize> Running TRAP import for CodeQL database at /Users/epratama/Sites/opencode/website-resume/codeql-js-db...
[2026-07-10 11:40:01] Running plumbing command: codeql dataset import --dbscheme=/Users/epratama/.local/share/gh/extensions/gh-codeql/dist/release/v2.26.0/javascript/semmlecode.javascript.dbscheme -- /Users/epratama/Sites/opencode/website-resume/codeql-js-db/db-javascript /Users/epratama/Sites/opencode/website-resume/codeql-js-db/trap/javascript
[2026-07-10 11:40:01] Clearing disk cache since the version file /Users/epratama/Sites/opencode/website-resume/codeql-js-db/db-javascript/default/cache/version does not exist
[2026-07-10 11:40:01] Tuple pool not found. Clearing relations with cached strings
[2026-07-10 11:40:01] Trimming disk cache at /Users/epratama/Sites/opencode/website-resume/codeql-js-db/db-javascript/default/cache in mode clear.
[2026-07-10 11:40:01] Sequence stamp origin is -5893177877943200834
[2026-07-10 11:40:01] Pausing evaluation to hard-clear memory at sequence stamp o+0
[2026-07-10 11:40:01] Unpausing evaluation
[2026-07-10 11:40:01] Pausing evaluation to quickly trim disk at sequence stamp o+1
[2026-07-10 11:40:01] Unpausing evaluation
[2026-07-10 11:40:01] Pausing evaluation to zealously trim disk at sequence stamp o+2
[2026-07-10 11:40:01] Unpausing evaluation
[2026-07-10 11:40:01] Trimming completed (2ms): Purged everything.
[2026-07-10 11:40:01] Scanning for files in /Users/epratama/Sites/opencode/website-resume/codeql-js-db/trap/javascript
[2026-07-10 11:40:01] Found 140 TRAP files (8.70 MiB)
[2026-07-10 11:40:01] [PROGRESS] dataset import> Importing TRAP files
[2026-07-10 11:40:01] Importing es2016.js.trap.gz (1 of 140)
[2026-07-10 11:40:01] Importing es2017.js.trap.gz (2 of 140)
[2026-07-10 11:40:01] Importing es3.js.trap.gz (3 of 140)
[2026-07-10 11:40:01] Importing es5.js.trap.gz (4 of 140)
[2026-07-10 11:40:01] Importing es6.js.trap.gz (5 of 140)
[2026-07-10 11:40:01] Importing es6_collections.js.trap.gz (6 of 140)
[2026-07-10 11:40:01] Importing intl.js.trap.gz (7 of 140)
[2026-07-10 11:40:01] Importing proxy.js.trap.gz (8 of 140)
[2026-07-10 11:40:01] Importing bdd.js.trap.gz (9 of 140)
[2026-07-10 11:40:01] Importing jquery-3.2.js.trap.gz (10 of 140)
[2026-07-10 11:40:01] Importing should.js.trap.gz (11 of 140)
[2026-07-10 11:40:01] Importing vows.js.trap.gz (12 of 140)
[2026-07-10 11:40:01] Importing assert.js.trap.gz (13 of 140)
[2026-07-10 11:40:01] Importing assert_legacy.js.trap.gz (14 of 140)
[2026-07-10 11:40:01] Importing buffer.js.trap.gz (15 of 140)
[2026-07-10 11:40:01] Importing child_process.js.trap.gz (16 of 140)
[2026-07-10 11:40:01] Importing cluster.js.trap.gz (17 of 140)
[2026-07-10 11:40:01] Importing console.js.trap.gz (18 of 140)
[2026-07-10 11:40:01] Importing constants.js.trap.gz (19 of 140)
[2026-07-10 11:40:01] Importing crypto.js.trap.gz (20 of 140)
[2026-07-10 11:40:01] Importing dgram.js.trap.gz (21 of 140)
[2026-07-10 11:40:01] Importing dns.js.trap.gz (22 of 140)
[2026-07-10 11:40:01] Importing domain.js.trap.gz (23 of 140)
[2026-07-10 11:40:01] Importing events.js.trap.gz (24 of 140)
[2026-07-10 11:40:01] Importing fs.js.trap.gz (25 of 140)
[2026-07-10 11:40:01] Importing globals.js.trap.gz (26 of 140)
[2026-07-10 11:40:02] Importing http.js.trap.gz (27 of 140)
[2026-07-10 11:40:02] Importing https.js.trap.gz (28 of 140)
[2026-07-10 11:40:02] Importing module.js.trap.gz (29 of 140)
[2026-07-10 11:40:02] Importing net.js.trap.gz (30 of 140)
[2026-07-10 11:40:02] Importing os.js.trap.gz (31 of 140)
[2026-07-10 11:40:02] Importing path.js.trap.gz (32 of 140)
[2026-07-10 11:40:02] Importing process.js.trap.gz (33 of 140)
[2026-07-10 11:40:02] Importing punycode.js.trap.gz (34 of 140)
[2026-07-10 11:40:02] Importing querystring.js.trap.gz (35 of 140)
[2026-07-10 11:40:02] Importing readline.js.trap.gz (36 of 140)
[2026-07-10 11:40:02] Importing repl.js.trap.gz (37 of 140)
[2026-07-10 11:40:02] Importing stream.js.trap.gz (38 of 140)
[2026-07-10 11:40:02] Importing string_decoder.js.trap.gz (39 of 140)
[2026-07-10 11:40:02] Importing sys.js.trap.gz (40 of 140)
[2026-07-10 11:40:02] Importing timers.js.trap.gz (41 of 140)
[2026-07-10 11:40:02] Importing tls.js.trap.gz (42 of 140)
[2026-07-10 11:40:02] Importing tty.js.trap.gz (43 of 140)
[2026-07-10 11:40:02] Importing url.js.trap.gz (44 of 140)
[2026-07-10 11:40:02] Importing util.js.trap.gz (45 of 140)
[2026-07-10 11:40:02] Importing v8.js.trap.gz (46 of 140)
[2026-07-10 11:40:02] Importing vm.js.trap.gz (47 of 140)
[2026-07-10 11:40:02] Importing zlib.js.trap.gz (48 of 140)
[2026-07-10 11:40:02] Importing jsshell.js.trap.gz (49 of 140)
[2026-07-10 11:40:02] Importing rhino.js.trap.gz (50 of 140)
[2026-07-10 11:40:02] Importing spidermonkey.js.trap.gz (51 of 140)
[2026-07-10 11:40:02] Importing v8.js.trap.gz (52 of 140)
[2026-07-10 11:40:02] Importing chrome.js.trap.gz (53 of 140)
[2026-07-10 11:40:02] Importing fetchapi.js.trap.gz (54 of 140)
[2026-07-10 11:40:02] Importing fileapi.js.trap.gz (55 of 140)
[2026-07-10 11:40:02] Importing flash.js.trap.gz (56 of 140)
[2026-07-10 11:40:02] Importing gecko_css.js.trap.gz (57 of 140)
[2026-07-10 11:40:02] Importing gecko_dom.js.trap.gz (58 of 140)
[2026-07-10 11:40:02] Importing gecko_event.js.trap.gz (59 of 140)
[2026-07-10 11:40:02] Importing gecko_ext.js.trap.gz (60 of 140)
[2026-07-10 11:40:02] Importing gecko_xml.js.trap.gz (61 of 140)
[2026-07-10 11:40:02] Importing html5.js.trap.gz (62 of 140)
[2026-07-10 11:40:02] Importing ie_css.js.trap.gz (63 of 140)
[2026-07-10 11:40:02] Importing ie_dom.js.trap.gz (64 of 140)
[2026-07-10 11:40:02] Importing ie_event.js.trap.gz (65 of 140)
[2026-07-10 11:40:02] Importing ie_vml.js.trap.gz (66 of 140)
[2026-07-10 11:40:02] Importing intl.js.trap.gz (67 of 140)
[2026-07-10 11:40:02] Importing iphone.js.trap.gz (68 of 140)
[2026-07-10 11:40:02] Importing mediasource.js.trap.gz (69 of 140)
[2026-07-10 11:40:02] Importing page_visibility.js.trap.gz (70 of 140)
[2026-07-10 11:40:02] Importing streamsapi.js.trap.gz (71 of 140)
[2026-07-10 11:40:02] Importing url.js.trap.gz (72 of 140)
[2026-07-10 11:40:02] Importing w3c_anim_timing.js.trap.gz (73 of 140)
[2026-07-10 11:40:02] Importing w3c_batterystatus.js.trap.gz (74 of 140)
[2026-07-10 11:40:02] Importing w3c_css.js.trap.gz (75 of 140)
[2026-07-10 11:40:02] Importing w3c_css3d.js.trap.gz (76 of 140)
[2026-07-10 11:40:02] Importing w3c_device_sensor_event.js.trap.gz (77 of 140)
[2026-07-10 11:40:02] Importing w3c_dom1.js.trap.gz (78 of 140)
[2026-07-10 11:40:02] Importing w3c_dom2.js.trap.gz (79 of 140)
[2026-07-10 11:40:02] Importing w3c_dom3.js.trap.gz (80 of 140)
[2026-07-10 11:40:02] Importing w3c_dom4.js.trap.gz (81 of 140)
[2026-07-10 11:40:02] Importing w3c_elementtraversal.js.trap.gz (82 of 140)
[2026-07-10 11:40:02] Importing w3c_encoding.js.trap.gz (83 of 140)
[2026-07-10 11:40:02] Importing w3c_event.js.trap.gz (84 of 140)
[2026-07-10 11:40:02] Importing w3c_event3.js.trap.gz (85 of 140)
[2026-07-10 11:40:02] Importing w3c_gamepad.js.trap.gz (86 of 140)
[2026-07-10 11:40:02] Importing w3c_geolocation.js.trap.gz (87 of 140)
[2026-07-10 11:40:02] Importing w3c_indexeddb.js.trap.gz (88 of 140)
[2026-07-10 11:40:02] Importing w3c_midi.js.trap.gz (89 of 140)
[2026-07-10 11:40:02] Importing w3c_navigation_timing.js.trap.gz (90 of 140)
[2026-07-10 11:40:02] Importing w3c_permissions.js.trap.gz (91 of 140)
[2026-07-10 11:40:02] Importing w3c_pointer_events.js.trap.gz (92 of 140)
[2026-07-10 11:40:02] Importing w3c_range.js.trap.gz (93 of 140)
[2026-07-10 11:40:02] Importing w3c_requestidlecallback.js.trap.gz (94 of 140)
[2026-07-10 11:40:02] Importing w3c_rtc.js.trap.gz (95 of 140)
[2026-07-10 11:40:02] Importing w3c_screen_orientation.js.trap.gz (96 of 140)
[2026-07-10 11:40:02] Importing w3c_selectors.js.trap.gz (97 of 140)
[2026-07-10 11:40:02] Importing w3c_serviceworker.js.trap.gz (98 of 140)
[2026-07-10 11:40:02] Importing w3c_touch_event.js.trap.gz (99 of 140)
[2026-07-10 11:40:02] Importing w3c_webcrypto.js.trap.gz (100 of 140)
[2026-07-10 11:40:02] Importing w3c_xml.js.trap.gz (101 of 140)
[2026-07-10 11:40:02] Importing webgl.js.trap.gz (102 of 140)
[2026-07-10 11:40:02] Importing webkit_css.js.trap.gz (103 of 140)
[2026-07-10 11:40:02] Importing webkit_dom.js.trap.gz (104 of 140)
[2026-07-10 11:40:02] Importing webkit_event.js.trap.gz (105 of 140)
[2026-07-10 11:40:02] Importing webkit_notifications.js.trap.gz (106 of 140)
[2026-07-10 11:40:02] Importing webkit_usercontent.js.trap.gz (107 of 140)
[2026-07-10 11:40:02] Importing webstorage.js.trap.gz (108 of 140)
[2026-07-10 11:40:02] Importing whatwg_encoding.js.trap.gz (109 of 140)
[2026-07-10 11:40:02] Importing window.js.trap.gz (110 of 140)
[2026-07-10 11:40:02] Importing index-CyPdzRt5.js.trap.gz (111 of 140)
[2026-07-10 11:40:02] Importing index.html.trap.gz (112 of 140)
[2026-07-10 11:40:02] Importing index.html.trap.gz (113 of 140)
[2026-07-10 11:40:02] Importing package.json.trap.gz (114 of 140)
[2026-07-10 11:40:02] Importing postcss.config.js.trap.gz (115 of 140)
[2026-07-10 11:40:02] Importing App.test.jsx.trap.gz (116 of 140)
[2026-07-10 11:40:02] Importing ContactForm.test.jsx.trap.gz (117 of 140)
[2026-07-10 11:40:02] Importing setup.js.trap.gz (118 of 140)
[2026-07-10 11:40:02] Importing useScrollReveal.test.js.trap.gz (119 of 140)
[2026-07-10 11:40:02] Importing AchievementCard.jsx.trap.gz (120 of 140)
[2026-07-10 11:40:02] Importing App.jsx.trap.gz (121 of 140)
[2026-07-10 11:40:02] Importing ContactForm.jsx.trap.gz (122 of 140)
[2026-07-10 11:40:02] Importing DecorativeShapes.jsx.trap.gz (123 of 140)
[2026-07-10 11:40:02] Importing Education.jsx.trap.gz (124 of 140)
[2026-07-10 11:40:02] Importing Experience.jsx.trap.gz (125 of 140)
[2026-07-10 11:40:02] Importing ExperienceCard.jsx.trap.gz (126 of 140)
[2026-07-10 11:40:02] Importing Footer.jsx.trap.gz (127 of 140)
[2026-07-10 11:40:02] Importing Hero.jsx.trap.gz (128 of 140)
[2026-07-10 11:40:02] Importing KeyAchievements.jsx.trap.gz (129 of 140)
[2026-07-10 11:40:02] Importing Navbar.jsx.trap.gz (130 of 140)
[2026-07-10 11:40:02] Importing SectionTitle.jsx.trap.gz (131 of 140)
[2026-07-10 11:40:02] Importing SkillGroup.jsx.trap.gz (132 of 140)
[2026-07-10 11:40:02] Importing Skills.jsx.trap.gz (133 of 140)
[2026-07-10 11:40:02] Importing Summary.jsx.trap.gz (134 of 140)
[2026-07-10 11:40:02] Importing useScrollReveal.js.trap.gz (135 of 140)
[2026-07-10 11:40:02] Importing main.jsx.trap.gz (136 of 140)
[2026-07-10 11:40:02] Importing tailwind.config.js.trap.gz (137 of 140)
[2026-07-10 11:40:02] Importing vite.config.js.trap.gz (138 of 140)
[2026-07-10 11:40:02] Importing vitest.config.js.trap.gz (139 of 140)
[2026-07-10 11:40:02] Importing metadata.trap.gz (140 of 140)
[2026-07-10 11:40:02] [PROGRESS] dataset import> Merging relations
[2026-07-10 11:40:02] Merging 1 fragment for 'files'.
[2026-07-10 11:40:02] Merged 509 bytes for 'files'.
[2026-07-10 11:40:02] Merging 1 fragment for 'folders'.
[2026-07-10 11:40:02] Merged 103 bytes for 'folders'.
[2026-07-10 11:40:02] Merging 1 fragment for 'containerparent'.
[2026-07-10 11:40:02] Merged 413 bytes for 'containerparent'.
[2026-07-10 11:40:02] Merging 3 fragments for 'locations_default'.
[2026-07-10 11:40:02] Merged 848173 bytes (828.29 KiB) for 'locations_default'.
[2026-07-10 11:40:02] Merging 3 fragments for 'hasLocation'.
[2026-07-10 11:40:02] Merged 543252 bytes (530.52 KiB) for 'hasLocation'.
[2026-07-10 11:40:02] Merging 1 fragment for 'extraction_data'.
[2026-07-10 11:40:02] Merged 629 bytes for 'extraction_data'.
[2026-07-10 11:40:02] Merging 1 fragment for 'scopes'.
[2026-07-10 11:40:02] Merged 4401 bytes (4.30 KiB) for 'scopes'.
[2026-07-10 11:40:02] Merging 1 fragment for 'comments'.
[2026-07-10 11:40:02] Merged 37281 bytes (36.41 KiB) for 'comments'.
[2026-07-10 11:40:02] Merging 1 fragment for 'indentation'.
[2026-07-10 11:40:02] Merged 28612 bytes (27.94 KiB) for 'indentation'.
[2026-07-10 11:40:02] Merging 1 fragment for 'numlines'.
[2026-07-10 11:40:02] Merged 1815 bytes (1.77 KiB) for 'numlines'.
[2026-07-10 11:40:02] Merging 1 fragment for 'tokeninfo'.
[2026-07-10 11:40:02] Merged 469301 bytes (458.30 KiB) for 'tokeninfo'.
[2026-07-10 11:40:02] Merging 1 fragment for 'next_token'.
[2026-07-10 11:40:02] Merged 20360 bytes (19.88 KiB) for 'next_token'.
[2026-07-10 11:40:02] Merging 1 fragment for 'jsdoc'.
[2026-07-10 11:40:02] Merged 20260 bytes (19.79 KiB) for 'jsdoc'.
[2026-07-10 11:40:02] Merging 1 fragment for 'jsdoc_tags'.
[2026-07-10 11:40:02] Merged 95280 bytes (93.05 KiB) for 'jsdoc_tags'.
[2026-07-10 11:40:02] Merging 1 fragment for 'jsdoc_tag_descriptions'.
[2026-07-10 11:40:02] Merged 7318 bytes (7.15 KiB) for 'jsdoc_tag_descriptions'.
[2026-07-10 11:40:02] Merging 1 fragment for 'jsdoc_tag_names'.
[2026-07-10 11:40:02] Merged 14298 bytes (13.96 KiB) for 'jsdoc_tag_names'.
[2026-07-10 11:40:02] Merging 1 fragment for 'jsdoc_type_exprs'.
[2026-07-10 11:40:02] Merged 125568 bytes (122.62 KiB) for 'jsdoc_type_exprs'.
[2026-07-10 11:40:02] Merging 1 fragment for 'toplevels'.
[2026-07-10 11:40:02] Merged 281 bytes for 'toplevels'.
[2026-07-10 11:40:02] Merging 1 fragment for 'variables'.
[2026-07-10 11:40:02] Merged 51358 bytes (50.15 KiB) for 'variables'.
[2026-07-10 11:40:02] Merging 1 fragment for 'stmts'.
[2026-07-10 11:40:02] Merged 104355 bytes (101.91 KiB) for 'stmts'.
[2026-07-10 11:40:02] Merging 1 fragment for 'stmt_containers'.
[2026-07-10 11:40:02] Merged 47434 bytes (46.32 KiB) for 'stmt_containers'.
[2026-07-10 11:40:02] Merging 1 fragment for 'exprs'.
[2026-07-10 11:40:02] Merged 434521 bytes (424.34 KiB) for 'exprs'.
[2026-07-10 11:40:02] Merging 1 fragment for 'enclosing_stmt'.
[2026-07-10 11:40:02] Merged 86908 bytes (84.87 KiB) for 'enclosing_stmt'.
[2026-07-10 11:40:02] Merging 1 fragment for 'expr_containers'.
[2026-07-10 11:40:02] Merged 96012 bytes (93.76 KiB) for 'expr_containers'.
[2026-07-10 11:40:02] Merging 1 fragment for 'literals'.
[2026-07-10 11:40:02] Merged 75871 bytes (74.09 KiB) for 'literals'.
[2026-07-10 11:40:02] Merging 1 fragment for 'bind'.
[2026-07-10 11:40:02] Merged 15765 bytes (15.40 KiB) for 'bind'.
[2026-07-10 11:40:02] Merging 1 fragment for 'scopenodes'.
[2026-07-10 11:40:02] Merged 8683 bytes (8.48 KiB) for 'scopenodes'.
[2026-07-10 11:40:02] Merging 1 fragment for 'scopenesting'.
[2026-07-10 11:40:02] Merged 4715 bytes (4.60 KiB) for 'scopenesting'.
[2026-07-10 11:40:02] Merging 1 fragment for 'decl'.
[2026-07-10 11:40:02] Merged 13770 bytes (13.45 KiB) for 'decl'.
[2026-07-10 11:40:02] Merging 1 fragment for 'is_arguments_object'.
[2026-07-10 11:40:02] Merged 4037 bytes (3.94 KiB) for 'is_arguments_object'.
[2026-07-10 11:40:02] Merging 1 fragment for 'entry_cfg_node'.
[2026-07-10 11:40:02] Merged 9241 bytes (9.02 KiB) for 'entry_cfg_node'.
[2026-07-10 11:40:02] Merging 1 fragment for 'exit_cfg_node'.
[2026-07-10 11:40:02] Merged 9241 bytes (9.02 KiB) for 'exit_cfg_node'.
[2026-07-10 11:40:02] Merging 1 fragment for 'successor'.
[2026-07-10 11:40:02] Merged 174634 bytes (170.54 KiB) for 'successor'.
[2026-07-10 11:40:02] Merging 1 fragment for 'is_externs'.
[2026-07-10 11:40:02] Merged 223 bytes for 'is_externs'.
[2026-07-10 11:40:02] Merging 1 fragment for 'filetype'.
[2026-07-10 11:40:02] Merged 295 bytes for 'filetype'.
[2026-07-10 11:40:02] Merging 1 fragment for 'extraction_time'.
[2026-07-10 11:40:02] Merged 15065 bytes (14.71 KiB) for 'extraction_time'.
[2026-07-10 11:40:02] Merging 1 fragment for 'jsdoc_prefix_qualifier'.
[2026-07-10 11:40:02] Merged 1894 bytes (1.85 KiB) for 'jsdoc_prefix_qualifier'.
[2026-07-10 11:40:02] Merging 1 fragment for 'jsdoc_errors'.
[2026-07-10 11:40:02] Merged 1147 bytes (1.12 KiB) for 'jsdoc_errors'.
[2026-07-10 11:40:02] Merging 1 fragment for 'jsdoc_record_field_name'.
[2026-07-10 11:40:02] Merged 1596 bytes (1.56 KiB) for 'jsdoc_record_field_name'.
[2026-07-10 11:40:02] Merging 1 fragment for 'jsdoc_has_new_parameter'.
[2026-07-10 11:40:02] Merged 35 bytes for 'jsdoc_has_new_parameter'.
[2026-07-10 11:40:02] Merging 1 fragment for 'properties'.
[2026-07-10 11:40:02] Merged 2503 bytes (2.44 KiB) for 'properties'.
[2026-07-10 11:40:02] Merging 1 fragment for 'regexpterm'.
[2026-07-10 11:40:02] Merged 4604 bytes (4.50 KiB) for 'regexpterm'.
[2026-07-10 11:40:02] Merging 1 fragment for 'regexp_const_value'.
[2026-07-10 11:40:02] Merged 1881 bytes (1.84 KiB) for 'regexp_const_value'.
[2026-07-10 11:40:02] Merging 1 fragment for 'guard_node'.
[2026-07-10 11:40:02] Merged 478 bytes for 'guard_node'.
[2026-07-10 11:40:02] Merging 1 fragment for 'is_module'.
[2026-07-10 11:40:02] Merged 134 bytes for 'is_module'.
[2026-07-10 11:40:02] Merging 1 fragment for 'is_nodejs'.
[2026-07-10 11:40:02] Merged 86 bytes for 'is_nodejs'.
[2026-07-10 11:40:02] Merging 1 fragment for 'xmlElements'.
[2026-07-10 11:40:02] Merged 212 bytes for 'xmlElements'.
[2026-07-10 11:40:02] Merging 1 fragment for 'xmllocations'.
[2026-07-10 11:40:02] Merged 180 bytes for 'xmllocations'.
[2026-07-10 11:40:02] Merging 1 fragment for 'xmlAttrs'.
[2026-07-10 11:40:02] Merged 447 bytes for 'xmlAttrs'.
[2026-07-10 11:40:02] Merging 1 fragment for 'json'.
[2026-07-10 11:40:02] Merged 169 bytes for 'json'.
[2026-07-10 11:40:02] Merging 1 fragment for 'json_locations'.
[2026-07-10 11:40:02] Merged 78 bytes for 'json_locations'.
[2026-07-10 11:40:02] Merging 1 fragment for 'json_literals'.
[2026-07-10 11:40:02] Merged 104 bytes for 'json_literals'.
[2026-07-10 11:40:02] Merging 1 fragment for 'json_properties'.
[2026-07-10 11:40:02] Merged 111 bytes for 'json_properties'.
[2026-07-10 11:40:02] Merging 1 fragment for 'is_es2015_module'.
[2026-07-10 11:40:02] Merged 64 bytes for 'is_es2015_module'.
[2026-07-10 11:40:02] Merging 1 fragment for 'local_type_names'.
[2026-07-10 11:40:02] Merged 362 bytes for 'local_type_names'.
[2026-07-10 11:40:02] Merging 1 fragment for 'local_namespace_names'.
[2026-07-10 11:40:02] Merged 352 bytes for 'local_namespace_names'.
[2026-07-10 11:40:02] Merging 1 fragment for 'typedecl'.
[2026-07-10 11:40:02] Merged 231 bytes for 'typedecl'.
[2026-07-10 11:40:02] Merging 1 fragment for 'namespacedecl'.
[2026-07-10 11:40:02] Merged 227 bytes for 'namespacedecl'.
[2026-07-10 11:40:02] Merging 1 fragment for 'is_greedy'.
[2026-07-10 11:40:02] Merged 32 bytes for 'is_greedy'.
[2026-07-10 11:40:02] Merging 1 fragment for 'is_inverted'.
[2026-07-10 11:40:02] Merged 28 bytes for 'is_inverted'.
[2026-07-10 11:40:02] Merging 1 fragment for 'is_capture'.
[2026-07-10 11:40:02] Merged 34 bytes for 'is_capture'.
[2026-07-10 11:40:02] Merging 1 fragment for 'is_method'.
[2026-07-10 11:40:02] Merged 25 bytes for 'is_method'.
[2026-07-10 11:40:02] Merging 1 fragment for 'array_size'.
[2026-07-10 11:40:02] Merged 76 bytes for 'array_size'.
[2026-07-10 11:40:02] Merging 1 fragment for 'char_class_escape'.
[2026-07-10 11:40:02] Merged 36 bytes for 'char_class_escape'.
[2026-07-10 11:40:02] Merging 1 fragment for 'is_async'.
[2026-07-10 11:40:02] Merged 21 bytes for 'is_async'.
[2026-07-10 11:40:02] Merging 1 fragment for 'is_computed'.
[2026-07-10 11:40:02] Merged 22 bytes for 'is_computed'.
[2026-07-10 11:40:02] Merging 1 fragment for 'isOptionalChaining'.
[2026-07-10 11:40:02] Merged 22 bytes for 'isOptionalChaining'.
[2026-07-10 11:40:02] Merging 1 fragment for 'sourceLocationPrefix'.
[2026-07-10 11:40:02] Merged 19 bytes for 'sourceLocationPrefix'.
[2026-07-10 11:40:02] Saving string and id pools to disk.
[2026-07-10 11:40:02] Finished importing TRAP files.
[2026-07-10 11:40:02] Read 46.02 MiB of uncompressed TRAP data.
[2026-07-10 11:40:02] Uncompressed relation data size: 14.08 MiB
[2026-07-10 11:40:02] Relation data size: 3.23 MiB (merge rate: 27.55 MiB/s)
[2026-07-10 11:40:02] String pool size: 4.78 MiB
[2026-07-10 11:40:02] ID pool size: 13.00 MiB
[2026-07-10 11:40:02] [PROGRESS] dataset import> Finished writing database (relations: 3.23 MiB; string pool: 4.78 MiB).
[2026-07-10 11:40:02] Pausing evaluation to close the cache at sequence stamp o+147
[2026-07-10 11:40:02] The disk cache is freshly trimmed; leave it be.
[2026-07-10 11:40:02] Unpausing evaluation
[2026-07-10 11:40:02] Plumbing command codeql dataset import completed.
[2026-07-10 11:40:02] [PROGRESS] database finalize> TRAP import complete (1.2s).
[2026-07-10 11:40:02] Running plumbing command: codeql database cleanup -- /Users/epratama/Sites/opencode/website-resume/codeql-js-db
[2026-07-10 11:40:02] [PROGRESS] database cleanup> Cleaning up existing TRAP files after import...
[2026-07-10 11:40:02] [PROGRESS] database cleanup> TRAP files cleaned up (12ms).
[2026-07-10 11:40:02] [PROGRESS] database cleanup> Cleaning up scratch directory...
[2026-07-10 11:40:02] [PROGRESS] database cleanup> Scratch directory cleaned up (0ms).
[2026-07-10 11:40:02] Running plumbing command: codeql dataset cleanup -- /Users/epratama/Sites/opencode/website-resume/codeql-js-db/db-javascript
[2026-07-10 11:40:02] [PROGRESS] dataset cleanup> Cleaning up dataset in /Users/epratama/Sites/opencode/website-resume/codeql-js-db/db-javascript.
[2026-07-10 11:40:02] Trimming disk cache at /Users/epratama/Sites/opencode/website-resume/codeql-js-db/db-javascript/default/cache in mode trim.
[2026-07-10 11:40:02] Sequence stamp origin is -5893177873019403082
[2026-07-10 11:40:02] Pausing evaluation to quickly trim memory at sequence stamp o+0
[2026-07-10 11:40:02] Unpausing evaluation
[2026-07-10 11:40:02] Pausing evaluation to zealously trim disk at sequence stamp o+1
[2026-07-10 11:40:02] Unpausing evaluation
[2026-07-10 11:40:02] Trimming completed (0ms): Trimmed disposable data from cache.
[2026-07-10 11:40:02] Pausing evaluation to close the cache at sequence stamp o+2
[2026-07-10 11:40:02] The disk cache is freshly trimmed; leave it be.
[2026-07-10 11:40:02] Unpausing evaluation
[2026-07-10 11:40:02] [PROGRESS] dataset cleanup> Trimmed disposable data from cache.
[2026-07-10 11:40:02] [PROGRESS] dataset cleanup> Finalizing dataset in /Users/epratama/Sites/opencode/website-resume/codeql-js-db/db-javascript
[2026-07-10 11:40:02] [DETAILS] dataset cleanup> Finished deleting ID pool from /Users/epratama/Sites/opencode/website-resume/codeql-js-db/db-javascript (1ms).
[2026-07-10 11:40:02] Plumbing command codeql dataset cleanup completed.
[2026-07-10 11:40:02] Plumbing command codeql database cleanup completed with status 0.
[2026-07-10 11:40:02] [PROGRESS] database finalize> Finished zipping source archive (330.27 KiB).
[2026-07-10 11:40:02] Plumbing command codeql database finalize completed.
[2026-07-10 11:40:02] [PROGRESS] database create> Successfully created database at /Users/epratama/Sites/opencode/website-resume/codeql-js-db.
[2026-07-10 11:40:02] Terminating normally.
