[2026-07-10 20:52:54] This is codeql database create db-backend-python --language=python --source-root=./backend --overwrite
[2026-07-10 20:52:54] Log file was started late.
[2026-07-10 20:52:54] [PROGRESS] database create> Initializing database at /Users/epratama/Sites/opencode/website-resume/db-backend-python.
[2026-07-10 20:52:54] Running plumbing command: codeql database init --overwrite --language=python --extractor-options-verbosity=1 --qlconfig-file=/Users/epratama/Sites/opencode/website-resume/qlconfig.yml --source-root=/Users/epratama/Sites/opencode/website-resume/backend --allow-missing-source-root=false --allow-already-existing -- /Users/epratama/Sites/opencode/website-resume/db-backend-python
[2026-07-10 20:52:54] Calling plumbing command: codeql resolve languages --extractor-options-verbosity=1 --format=betterjson
[2026-07-10 20:52:54] [DETAILS] resolve languages> Scanning for [codeql-extractor.yml] from /Users/epratama/.local/share/gh/extensions/gh-codeql/dist/release/v2.26.0/.codeqlmanifest.json
[2026-07-10 20:52:54] [DETAILS] resolve languages> Parsing /Users/epratama/.local/share/gh/extensions/gh-codeql/dist/release/v2.26.0/go/codeql-extractor.yml.
[2026-07-10 20:52:54] [DETAILS] resolve languages> Parsing /Users/epratama/.local/share/gh/extensions/gh-codeql/dist/release/v2.26.0/python/codeql-extractor.yml.
[2026-07-10 20:52:54] [DETAILS] resolve languages> Parsing /Users/epratama/.local/share/gh/extensions/gh-codeql/dist/release/v2.26.0/rust/codeql-extractor.yml.
[2026-07-10 20:52:54] [DETAILS] resolve languages> Parsing /Users/epratama/.local/share/gh/extensions/gh-codeql/dist/release/v2.26.0/java/codeql-extractor.yml.
[2026-07-10 20:52:54] [DETAILS] resolve languages> Parsing /Users/epratama/.local/share/gh/extensions/gh-codeql/dist/release/v2.26.0/html/codeql-extractor.yml.
[2026-07-10 20:52:54] [DETAILS] resolve languages> Parsing /Users/epratama/.local/share/gh/extensions/gh-codeql/dist/release/v2.26.0/xml/codeql-extractor.yml.
[2026-07-10 20:52:54] [DETAILS] resolve languages> Parsing /Users/epratama/.local/share/gh/extensions/gh-codeql/dist/release/v2.26.0/properties/codeql-extractor.yml.
[2026-07-10 20:52:54] [DETAILS] resolve languages> Parsing /Users/epratama/.local/share/gh/extensions/gh-codeql/dist/release/v2.26.0/cpp/codeql-extractor.yml.
[2026-07-10 20:52:54] [DETAILS] resolve languages> Parsing /Users/epratama/.local/share/gh/extensions/gh-codeql/dist/release/v2.26.0/swift/codeql-extractor.yml.
[2026-07-10 20:52:54] [DETAILS] resolve languages> Parsing /Users/epratama/.local/share/gh/extensions/gh-codeql/dist/release/v2.26.0/csv/codeql-extractor.yml.
[2026-07-10 20:52:54] [DETAILS] resolve languages> Parsing /Users/epratama/.local/share/gh/extensions/gh-codeql/dist/release/v2.26.0/actions/codeql-extractor.yml.
[2026-07-10 20:52:54] [DETAILS] resolve languages> Parsing /Users/epratama/.local/share/gh/extensions/gh-codeql/dist/release/v2.26.0/yaml/codeql-extractor.yml.
[2026-07-10 20:52:54] [DETAILS] resolve languages> Parsing /Users/epratama/.local/share/gh/extensions/gh-codeql/dist/release/v2.26.0/csharp/codeql-extractor.yml.
[2026-07-10 20:52:54] [DETAILS] resolve languages> Parsing /Users/epratama/.local/share/gh/extensions/gh-codeql/dist/release/v2.26.0/javascript/codeql-extractor.yml.
[2026-07-10 20:52:54] [DETAILS] resolve languages> Parsing /Users/epratama/.local/share/gh/extensions/gh-codeql/dist/release/v2.26.0/ruby/codeql-extractor.yml.
[2026-07-10 20:52:54] Plumbing command codeql resolve languages completed:
                      {
                        "aliases" : {
                          "c" : "cpp",
                          "c++" : "cpp",
                          "c-c++" : "cpp",
                          "c-cpp" : "cpp",
                          "c#" : "csharp",
                          "java-kotlin" : "java",
                          "kotlin" : "java",
                          "javascript-typescript" : "javascript",
                          "typescript" : "javascript"
                        },
                        "extractors" : {
                          "go" : [
                            {
                              "extractor_root" : "/Users/epratama/.local/share/gh/extensions/gh-codeql/dist/release/v2.26.0/go",
                              "extractor_options" : {
                                "extract_tests" : {
                                  "title" : "Whether to include Go test files in the CodeQL database.",
                                  "description" : "A value indicating whether Go test files should be included in the CodeQL database. The default is 'false'.\n",
                                  "type" : "string",
                                  "pattern" : "^(false|true)$"
                                },
                                "extract_vendor_dirs" : {
                                  "title" : "Whether to include Go vendor directories in the CodeQL database.",
                                  "description" : "A value indicating whether Go vendor directories should be included in the CodeQL database. The default is 'false'.\n",
                                  "type" : "string",
                                  "pattern" : "^(false|true)$"
                                }
                              }
                            }
                          ],
                          "python" : [
                            {
                              "extractor_root" : "/Users/epratama/.local/share/gh/extensions/gh-codeql/dist/release/v2.26.0/python",
                              "extractor_options" : {
                                "logging" : {
                                  "title" : "Options pertaining to logging.",
                                  "description" : "Options pertaining to logging.",
                                  "type" : "object",
                                  "properties" : {
                                    "verbosity" : {
                                      "title" : "Python extractor logging verbosity level.",
                                      "description" : "Controls the level of verbosity of the CodeQL Python extractor.\nThe supported levels are (in order of increasing verbosity):\n\n  - off\n  - errors\n  - warnings\n  - info or progress\n  - debug or progress+\n  - trace or progress++\n  - progress+++\n",
                                      "type" : "string",
                                      "pattern" : "^(off|errors|warnings|(info|progress)|(debug|progress\\+)|(trace|progress\\+\\+)|progress\\+\\+\\+)$"
                                    }
                                  }
                                },
                                "python_executable_name" : {
                                  "title" : "Controls the name of the Python executable used by the Python extractor.",
                                  "description" : "The Python extractor uses platform-dependent heuristics to determine the name of the Python executable to use. Specifying a value for this option overrides the name of the Python executable used by the extractor. Accepted values are py, python and python3. Use this setting with caution, the Python extractor requires Python 3 to run.\n",
                                  "type" : "string",
                                  "pattern" : "^(py|python|python3)$"
                                }
                              }
                            }
                          ],
                          "rust" : [
                            {
                              "extractor_root" : "/Users/epratama/.local/share/gh/extensions/gh-codeql/dist/release/v2.26.0/rust",
                              "extractor_options" : {
                                "trap" : {
                                  "title" : "Options pertaining to TRAP.",
                                  "description" : "Options pertaining to TRAP.",
                                  "type" : "object",
                                  "properties" : {
                                    "compression" : {
                                      "title" : "Controls compression for the TRAP files written by the extractor.",
                                      "description" : "This option is only intended for use in debugging the extractor. Accepted values are 'gzip' (to write gzip-compressed TRAP) 'zstd' (to write Zstandard-compressed TRAP) and 'none' (the default, to write uncompressed TRAP).\n",
                                      "type" : "string",
                                      "pattern" : "^(none|gzip|zstd)$"
                                    }
                                  }
                                },
                                "cargo_target_dir" : {
                                  "title" : "Directory to use for cargo output files.",
                                  "description" : "This value is an optional path to use as `CARGO_TARGET_DIR` for the internal cargo commands the extractor uses. Pointing it to a persistent directory may reduce execution time of consecutive extractor runs. By default, a new scratch directory is used for each run.\n",
                                  "type" : "string"
                                },
                                "cargo_target" : {
                                  "title" : "Target architecture",
                                  "description" : "Target architecture to use for analysis, analogous to `cargo --target`. By default the host architecture is used.\n",
                                  "type" : "string"
                                },
                                "cargo_features" : {
                                  "title" : "Cargo features to turn on",
                                  "description" : "Comma-separated list of features to turn on. By default all features are enabled. If any features are specified, then only those features are enabled. The `default` feature must be explicitly specified if only default features are desired. Can be repeated.\n",
                                  "type" : "array"
                                },
                                "cargo_cfg_overrides" : {
                                  "title" : "Cargo cfg overrides",
                                  "description" : "Comma-separated list of cfg settings to enable, or disable if prefixed with `-`. Can be repeated.\n",
                                  "type" : "array"
                                },
                                "logging" : {
                                  "title" : "Options pertaining to logging.",
                                  "description" : "Options pertaining to logging.",
                                  "type" : "object",
                                  "properties" : {
                                    "verbosity" : {
                                      "title" : "Extractor logging verbosity level.",
                                      "description" : "Controls the level of verbosity of the extractor. The supported levels are (in order of increasing verbosity):\n  - off\n  - errors\n  - warnings\n  - info or progress\n  - debug or progress+\n  - trace or progress++\n  - progress+++\n",
                                      "type" : "string",
                                      "pattern" : "^(off|errors|warnings|(info|progress)|(debug|progress\\+)|(trace|progress\\+\\+)|progress\\+\\+\\+)$"
                                    },
                                    "flamegraph" : {
                                      "title" : "[Experimental] File path for write flame graph log",
                                      "description" : "Collect flame graph data using the `tracing-flame` crate. To render a flame graph or chart, run the `inferno-flamegraph` command. See also: https://crates.io/crates/tracing-flame\n",
                                      "type" : "string"
                                    }
                                  }
                                },
                                "extract_dependencies_as_source" : {
                                  "title" : "Extract dependencies as source code",
                                  "description" : "Extract the full source code of dependencies instead of only extracting signatures.\n",
                                  "type" : "string",
                                  "pattern" : "^(false|true)$"
                                }
                              }
                            }
                          ],
                          "java" : [
                            {
                              "extractor_root" : "/Users/epratama/.local/share/gh/extensions/gh-codeql/dist/release/v2.26.0/java",
                              "extractor_options" : {
                                "exclude" : {
                                  "title" : "A glob excluding files from analysis.",
                                  "description" : "A glob indicating what files to exclude from the analysis. This accepts glob patterns that are supported by Java's 'getPathMatcher' implementation.\n",
                                  "type" : "string"
                                },
                                "add_prefer_source" : {
                                  "title" : "Whether to always prefer source files over class files.",
                                  "description" : "A value indicating whether source files should be preferred over class files. If set to 'true', the extraction adds '-Xprefer:source' to the javac command line. If set to 'false', the extraction uses the default javac behavior ('-Xprefer:newer'). The default is 'true'.\n",
                                  "type" : "string",
                                  "pattern" : "^(false|true)$"
                                },
                                "buildless" : {
                                  "title" : "Whether to use buildless (standalone) extraction (experimental).",
                                  "description" : "A value indicating, which type of extraction the autobuilder should perform. If 'true', then the standalone extractor will be used, otherwise tracing extraction will be performed. The default is 'false'. Note that buildless extraction will generally yield less accurate analysis results, and should only be used in cases where it is not possible to build the code (for example if it uses inaccessible dependencies).\n",
                                  "type" : "string",
                                  "pattern" : "^(false|true)$"
                                },
                                "buildless_dependency_dir" : {
                                  "title" : "The path where buildless (standalone) extraction should keep dependencies.",
                                  "description" : "If set, the buildless (standalone) extractor will store dependencies in this directory.\n",
                                  "type" : "string"
                                },
                                "minimize_dependency_jars" : {
                                  "title" : "Whether to rewrite and minimize downloaded JAR dependencies (experimental).",
                                  "description" : "If 'true', JAR dependencies downloaded during extraction will be rewritten to remove unneeded data, such as method bodies. The default is 'false'.\n",
                                  "type" : "string",
                                  "pattern" : "^(false|true)$"
                                }
                              }
                            }
                          ],
                          "html" : [
                            {
                              "extractor_root" : "/Users/epratama/.local/share/gh/extensions/gh-codeql/dist/release/v2.26.0/html"
                            }
                          ],
                          "xml" : [
                            {
                              "extractor_root" : "/Users/epratama/.local/share/gh/extensions/gh-codeql/dist/release/v2.26.0/xml"
                            }
                          ],
                          "properties" : [
                            {
                              "extractor_root" : "/Users/epratama/.local/share/gh/extensions/gh-codeql/dist/release/v2.26.0/properties"
                            }
                          ],
                          "cpp" : [
                            {
                              "extractor_root" : "/Users/epratama/.local/share/gh/extensions/gh-codeql/dist/release/v2.26.0/cpp",
                              "extractor_options" : {
                                "scale_timeouts" : {
                                  "title" : "Value to scale compiler introspection timeouts with",
                                  "description" : "The extractor attempts to determine what compiler the source code being extracted is compiled with. To this end the extractor makes additional calls to the compiler, some of which are expected to return within a certain fixed time (either 10s or 15s). On some systems that are under high load this time might be too short, and can be scaled up using this option.\n",
                                  "type" : "string",
                                  "pattern" : "[0-9]+"
                                },
                                "log_verbosity" : {
                                  "title" : "Verbosity of the extractor logging",
                                  "description" : "Set the verbosity of the extractor logging to 'quiet' (0), 'normal' (1), 'chatty' (2), or 'noisy' (3). The default is 'normal'.\n",
                                  "type" : "string",
                                  "pattern" : "[0-3]"
                                }
                              }
                            }
                          ],
                          "swift" : [
                            {
                              "extractor_root" : "/Users/epratama/.local/share/gh/extensions/gh-codeql/dist/release/v2.26.0/swift"
                            }
                          ],
                          "csv" : [
                            {
                              "extractor_root" : "/Users/epratama/.local/share/gh/extensions/gh-codeql/dist/release/v2.26.0/csv"
                            }
                          ],
                          "actions" : [
                            {
                              "extractor_root" : "/Users/epratama/.local/share/gh/extensions/gh-codeql/dist/release/v2.26.0/actions",
                              "extractor_options" : { }
                            }
                          ],
                          "yaml" : [
                            {
                              "extractor_root" : "/Users/epratama/.local/share/gh/extensions/gh-codeql/dist/release/v2.26.0/yaml"
                            }
                          ],
                          "csharp" : [
                            {
                              "extractor_root" : "/Users/epratama/.local/share/gh/extensions/gh-codeql/dist/release/v2.26.0/csharp",
                              "extractor_options" : {
                                "trap" : {
                                  "title" : "Options pertaining to TRAP.",
                                  "description" : "Options pertaining to TRAP.",
                                  "type" : "object",
                                  "properties" : {
                                    "compression" : {
                                      "title" : "Controls compression for the TRAP files written by the extractor.",
                                      "description" : "This option is only intended for use in debugging the extractor. Accepted values are 'brotli' (the default, to write brotli-compressed TRAP), 'gzip', and 'none' (to write uncompressed TRAP).\n",
                                      "type" : "string",
                                      "pattern" : "^(none|gzip|brotli)$"
                                    }
                                  }
                                },
                                "buildless" : {
                                  "title" : "DEPRECATED - Whether to use buildless (standalone) extraction.",
                                  "description" : "DEPRECATED: Use `--build-mode none` instead.\nA value indicating, which type of extraction the autobuilder should perform. If 'true', then the standalone extractor will be used, otherwise tracing extraction will be performed. The default is 'false'. Note that buildless extraction will generally yield less accurate analysis results, and should only be used in cases where it is not possible to build the code (for example if it uses inaccessible dependencies).\n",
                                  "type" : "string",
                                  "pattern" : "^(false|true)$"
                                },
                                "logging" : {
                                  "title" : "Options pertaining to logging.",
                                  "description" : "Options pertaining to logging.",
                                  "type" : "object",
                                  "properties" : {
                                    "verbosity" : {
                                      "title" : "Extractor logging verbosity level.",
                                      "description" : "Controls the level of verbosity of the extractor. The supported levels are (in order of increasing verbosity):\n  - off\n  - errors\n  - warnings\n  - info or progress\n  - debug or progress+\n  - trace or progress++\n  - progress+++\n",
                                      "type" : "string",
                                      "pattern" : "^(off|errors|warnings|(info|progress)|(debug|progress\\+)|(trace|progress\\+\\+)|progress\\+\\+\\+)$"
                                    }
                                  }
                                },
                                "binlog" : {
                                  "title" : "Binlog",
                                  "description" : "[EXPERIMENTAL] The value is a path to the MsBuild binary log file that should be extracted. This option only works when `--build-mode none` is also specified.\n",
                                  "type" : "array"
                                },
                                "buildless_dependency_dir" : {
                                  "title" : "The path where buildless (standalone) extraction should keep dependencies.",
                                  "description" : "If set, the buildless (standalone) extractor will store dependencies in this directory.\n",
                                  "type" : "string"
                                }
                              }
                            }
                          ],
                          "javascript" : [
                            {
                              "extractor_root" : "/Users/epratama/.local/share/gh/extensions/gh-codeql/dist/release/v2.26.0/javascript",
                              "extractor_options" : {
                                "skip_types" : {
                                  "title" : "Skip type extraction for TypeScript",
                                  "description" : "Whether to skip the extraction of types in a TypeScript application",
                                  "type" : "string",
                                  "pattern" : "^(false|true)$"
                                }
                              }
                            }
                          ],
                          "ruby" : [
                            {
                              "extractor_root" : "/Users/epratama/.local/share/gh/extensions/gh-codeql/dist/release/v2.26.0/ruby",
                              "extractor_options" : {
                                "trap" : {
                                  "title" : "Options pertaining to TRAP.",
                                  "description" : "Options pertaining to TRAP.",
                                  "type" : "object",
                                  "properties" : {
                                    "compression" : {
                                      "title" : "Controls compression for the TRAP files written by the extractor.",
                                      "description" : "This option is only intended for use in debugging the extractor. Accepted values are 'gzip' (the default, to write gzip-compressed TRAP) 'zstd' (to write Zstandard-compressed TRAP) and 'none' (to write uncompressed TRAP).\n",
                                      "type" : "string",
                                      "pattern" : "^(none|gzip|zstd)$"
                                    }
                                  }
                                }
                              }
                            }
                          ]
                        }
                      }
[2026-07-10 20:52:54] [PROGRESS] database init> Calculating baseline information in /Users/epratama/Sites/opencode/website-resume/backend
[2026-07-10 20:52:54] [SPAMMY] database init> Ignoring the following directories when processing baseline information: .git, .hg, .svn.
[2026-07-10 20:52:54] [DETAILS] database init> Running command in /Users/epratama/Sites/opencode/website-resume/backend: /Users/epratama/.local/share/gh/extensions/gh-codeql/dist/release/v2.26.0/tools/osx64/scc --by-file --exclude-dir .git,.hg,.svn --format json --no-large --no-min .
[2026-07-10 20:52:54] [SPAMMY] database init> Found 2 baseline files for python.
[2026-07-10 20:52:54] [PROGRESS] database init> Calculated baseline information for languages: python (21ms).
[2026-07-10 20:52:54] [PROGRESS] database init> Resolving extractor python.
[2026-07-10 20:52:54] [DETAILS] database init> Found candidate extractor root for python: /Users/epratama/.local/share/gh/extensions/gh-codeql/dist/release/v2.26.0/python.
[2026-07-10 20:52:54] [PROGRESS] database init> Successfully loaded extractor Python (python) from /Users/epratama/.local/share/gh/extensions/gh-codeql/dist/release/v2.26.0/python.
[2026-07-10 20:52:54] [SPAMMY] database init> Determining macOS System Integrity Protection status...
[2026-07-10 20:52:54] [SPAMMY] database init> Running command [/usr/bin/csrutil, status].
[2026-07-10 20:52:54] [SPAMMY] database init> SIP is enabled.
[2026-07-10 20:52:54] [PROGRESS] database init> Created skeleton CodeQL database at /Users/epratama/Sites/opencode/website-resume/db-backend-python. This in-progress database is ready to be populated by an extractor.
[2026-07-10 20:52:54] Plumbing command codeql database init completed.
[2026-07-10 20:52:54] [PROGRESS] database create> Running build command: []
[2026-07-10 20:52:54] Running plumbing command: codeql database trace-command --working-dir=/Users/epratama/Sites/opencode/website-resume/backend --index-traceless-dbs --no-db-cluster -- /Users/epratama/Sites/opencode/website-resume/db-backend-python
[2026-07-10 20:52:54] Using autobuild script /Users/epratama/.local/share/gh/extensions/gh-codeql/dist/release/v2.26.0/python/tools/autobuild.sh.
[2026-07-10 20:52:54] [PROGRESS] database trace-command> Running command in /Users/epratama/Sites/opencode/website-resume/backend: [/Users/epratama/.local/share/gh/extensions/gh-codeql/dist/release/v2.26.0/python/tools/autobuild.sh]
[2026-07-10 20:52:55] [build-stderr] /bin/sh: python2: command not found
[2026-07-10 20:52:55] [build-stdout] Source root appears to be the real root.
[2026-07-10 20:52:55] [build-stdout] Will try to guess Python version, as it was not specified in `lgtm.yml`
[2026-07-10 20:52:55] [build-stdout] Trying to guess Python version based on Trove classifiers in setup.py
[2026-07-10 20:52:55] [build-stdout] Did not find setup.py (expected it to be at /Users/epratama/Sites/opencode/website-resume/backend/setup.py)
[2026-07-10 20:52:55] [build-stdout] Trying to guess Python version based on travis file
[2026-07-10 20:52:55] [build-stdout] Did not find any travis files (expected them at either ['/Users/epratama/Sites/opencode/website-resume/backend/.travis.yml', '/Users/epratama/Sites/opencode/website-resume/backend/travis.yml'])
[2026-07-10 20:52:55] [build-stdout] Trying to guess Python version based on installed versions
[2026-07-10 20:52:55] [build-stdout] Wanted to run Python 2, but it is not available. Using Python 3 instead
[2026-07-10 20:52:55] [build-stdout] This script is running Python 3, but Python 2 is also available (as 'python3')
[2026-07-10 20:52:55] [build-stdout] Could not guess Python version, will use default: Python 3
[2026-07-10 20:52:55] [build-stdout] Excluding the following directories from extraction, since they look like virtual environments: ['/Users/epratama/Sites/opencode/website-resume/backend/.venv']
[2026-07-10 20:52:55] [build-stdout] You can disable this behavior by setting the environment variable CODEQL_EXTRACTOR_PYTHON_DISABLE_AUTOMATIC_VENV_EXCLUDE=1
[2026-07-10 20:52:55] [build-stdout] Calling python3 -S /Users/epratama/.local/share/gh/extensions/gh-codeql/dist/release/v2.26.0/python/tools/python_tracer.py --verbosity 3 -z all -c /Users/epratama/Sites/opencode/website-resume/db-backend-python/working/trap_cache -R /Users/epratama/Sites/opencode/website-resume/backend -Y /Users/epratama/Sites/opencode/website-resume/backend/.venv
[2026-07-10 20:52:55] [build-stdout] INFO: The Python extractor has recently stopped extracting the standard library by default. If you encounter problems, please let us know by submitting an issue to https://github.com/github/codeql. It is possible to re-enable extraction of the standard library by setting the environment variable CODEQL_EXTRACTOR_PYTHON_EXTRACT_STDLIB.
[2026-07-10 20:52:55] [build-stdout] [INFO] Extraction will use the Python 3 standard library.
[2026-07-10 20:52:55] [build-stdout] [INFO] sys_path is: ['/Users/epratama/.local/share/gh/extensions/gh-codeql/dist/release/v2.26.0/python/tools', '/opt/homebrew/Cellar/python@3.14/3.14.6/Frameworks/Python.framework/Versions/3.14/lib/python314.zip', '/opt/homebrew/Cellar/python@3.14/3.14.6/Frameworks/Python.framework/Versions/3.14/lib/python3.14', '/opt/homebrew/Cellar/python@3.14/3.14.6/Frameworks/Python.framework/Versions/3.14/lib/python3.14/lib-dynload']
[2026-07-10 20:52:55] [build-stdout] [INFO] Python version 3.14.6
[2026-07-10 20:52:55] [build-stdout] [INFO] Python extractor version 7.1.8
[2026-07-10 20:52:55] [build-stdout] [INFO] [3] Extracted file /Users/epratama/Sites/opencode/website-resume/backend/lambda.py in 88ms
[2026-07-10 20:52:55] [build-stdout] [INFO] [5] Skipped built-in file /opt/homebrew/Cellar/python@3.14/3.14.6/Frameworks/Python.framework/Versions/3.14/lib/python3.14/urllib/__init__.py
[2026-07-10 20:52:55] [build-stdout] [INFO] [1] Extracted folder /opt/homebrew/Cellar/python@3.14/3.14.6/Frameworks/Python.framework/Versions/3.14/lib/python3.14/re in 1ms
[2026-07-10 20:52:55] [build-stdout] [INFO] [10] Skipped built-in file /opt/homebrew/Cellar/python@3.14/3.14.6/Frameworks/Python.framework/Versions/3.14/lib/python3.14/os.py
[2026-07-10 20:52:55] [build-stdout] [INFO] [4] Extracted folder /opt/homebrew/Cellar/python@3.14/3.14.6/Frameworks/Python.framework/Versions/3.14/lib/python3.14/http in 1ms
[2026-07-10 20:52:55] [build-stdout] [INFO] [3] Skipped built-in file /opt/homebrew/Cellar/python@3.14/3.14.6/Frameworks/Python.framework/Versions/3.14/lib/python3.14/json/__init__.py
[2026-07-10 20:52:55] [build-stdout] [INFO] [7] Extracted folder /opt/homebrew/Cellar/python@3.14/3.14.6/Frameworks/Python.framework/Versions/3.14/lib/python3.14/json in 1ms
[2026-07-10 20:52:55] [build-stdout] [INFO] [8] Skipped built-in file /opt/homebrew/Cellar/python@3.14/3.14.6/Frameworks/Python.framework/Versions/3.14/lib/python3.14/urllib/request.py
[2026-07-10 20:52:55] [build-stdout] [INFO] [1] Skipped built-in file /opt/homebrew/Cellar/python@3.14/3.14.6/Frameworks/Python.framework/Versions/3.14/lib/python3.14/http/__init__.py
[2026-07-10 20:52:55] [build-stdout] [INFO] [6] Skipped built-in file /opt/homebrew/Cellar/python@3.14/3.14.6/Frameworks/Python.framework/Versions/3.14/lib/python3.14/urllib/parse.py
[2026-07-10 20:52:55] [build-stdout] [INFO] [5] Skipped built-in file /opt/homebrew/Cellar/python@3.14/3.14.6/Frameworks/Python.framework/Versions/3.14/lib/python3.14/re/__init__.py
[2026-07-10 20:52:55] [build-stdout] [INFO] [10] Extracted folder /opt/homebrew/Cellar/python@3.14/3.14.6/Frameworks/Python.framework/Versions/3.14/lib/python3.14/urllib in 1ms
[2026-07-10 20:52:55] [build-stdout] [INFO] [9] Extracted module time in 3ms
[2026-07-10 20:52:56] [build-stdout] [INFO] [2] Extracted file /Users/epratama/Sites/opencode/website-resume/backend/test_lambda.py in 132ms
[2026-07-10 20:52:56] [build-stdout] [INFO] [3] Skipped built-in file /opt/homebrew/Cellar/python@3.14/3.14.6/Frameworks/Python.framework/Versions/3.14/lib/python3.14/importlib/__init__.py
[2026-07-10 20:52:56] [build-stdout] [INFO] [7] Skipped built-in file /opt/homebrew/Cellar/python@3.14/3.14.6/Frameworks/Python.framework/Versions/3.14/lib/python3.14/unittest/mock.py
[2026-07-10 20:52:56] [build-stdout] [INFO] [5] Skipped built-in file /opt/homebrew/Cellar/python@3.14/3.14.6/Frameworks/Python.framework/Versions/3.14/lib/python3.14/unittest/__init__.py
[2026-07-10 20:52:56] [build-stdout] [INFO] [1] Extracted module sys in 0ms
[2026-07-10 20:52:56] [build-stdout] [INFO] [4] Extracted folder /opt/homebrew/Cellar/python@3.14/3.14.6/Frameworks/Python.framework/Versions/3.14/lib/python3.14/unittest in 1ms
[2026-07-10 20:52:56] [build-stdout] [INFO] [8] Extracted folder /opt/homebrew/Cellar/python@3.14/3.14.6/Frameworks/Python.framework/Versions/3.14/lib/python3.14/importlib in 1ms
[2026-07-10 20:52:56] [build-stdout] [INFO] Processed 20 modules in 0.68s
[2026-07-10 20:52:56] Plumbing command codeql database trace-command completed.
[2026-07-10 20:52:56] [PROGRESS] database create> Finalizing database at /Users/epratama/Sites/opencode/website-resume/db-backend-python.
[2026-07-10 20:52:56] Running plumbing command: codeql database finalize --no-db-cluster -- /Users/epratama/Sites/opencode/website-resume/db-backend-python
[2026-07-10 20:52:56] Using pre-finalize script /Users/epratama/.local/share/gh/extensions/gh-codeql/dist/release/v2.26.0/python/tools/pre-finalize.sh.
[2026-07-10 20:52:56] [PROGRESS] database finalize> Running pre-finalize script /Users/epratama/.local/share/gh/extensions/gh-codeql/dist/release/v2.26.0/python/tools/pre-finalize.sh in /Users/epratama/Sites/opencode/website-resume/backend.
[2026-07-10 20:52:56] Running plumbing command: codeql database trace-command --working-dir=/Users/epratama/Sites/opencode/website-resume/backend --no-tracing -- /Users/epratama/Sites/opencode/website-resume/db-backend-python /Users/epratama/.local/share/gh/extensions/gh-codeql/dist/release/v2.26.0/python/tools/pre-finalize.sh
[2026-07-10 20:52:56] [PROGRESS] database trace-command> Running command in /Users/epratama/Sites/opencode/website-resume/backend: [/Users/epratama/.local/share/gh/extensions/gh-codeql/dist/release/v2.26.0/python/tools/pre-finalize.sh]
[2026-07-10 20:52:56] [build-stderr] Scanning for files in /Users/epratama/Sites/opencode/website-resume/backend...
[2026-07-10 20:52:56] Plumbing command codeql database trace-command completed.
[2026-07-10 20:52:56] [PROGRESS] database finalize> Pre-finalize script /Users/epratama/.local/share/gh/extensions/gh-codeql/dist/release/v2.26.0/python/tools/pre-finalize.sh completed in 477 ms.
[2026-07-10 20:52:56] [PROGRESS] database finalize> Running TRAP import for CodeQL database at /Users/epratama/Sites/opencode/website-resume/db-backend-python...
[2026-07-10 20:52:56] Running plumbing command: codeql dataset import --dbscheme=/Users/epratama/.local/share/gh/extensions/gh-codeql/dist/release/v2.26.0/python/semmlecode.python.dbscheme -- /Users/epratama/Sites/opencode/website-resume/db-backend-python/db-python /Users/epratama/Sites/opencode/website-resume/db-backend-python/trap/python
[2026-07-10 20:52:56] Clearing disk cache since the version file /Users/epratama/Sites/opencode/website-resume/db-backend-python/db-python/default/cache/version does not exist
[2026-07-10 20:52:56] Tuple pool not found. Clearing relations with cached strings
[2026-07-10 20:52:56] Trimming disk cache at /Users/epratama/Sites/opencode/website-resume/db-backend-python/db-python/default/cache in mode clear.
[2026-07-10 20:52:56] Sequence stamp origin is -5893035391744149137
[2026-07-10 20:52:56] Pausing evaluation to hard-clear memory at sequence stamp o+0
[2026-07-10 20:52:56] Unpausing evaluation
[2026-07-10 20:52:56] Pausing evaluation to quickly trim disk at sequence stamp o+1
[2026-07-10 20:52:56] Unpausing evaluation
[2026-07-10 20:52:56] Pausing evaluation to zealously trim disk at sequence stamp o+2
[2026-07-10 20:52:56] Unpausing evaluation
[2026-07-10 20:52:56] Trimming completed (6ms): Purged everything.
[2026-07-10 20:52:56] Scanning for files in /Users/epratama/Sites/opencode/website-resume/db-backend-python/trap/python
[2026-07-10 20:52:56] Found 16 TRAP files (641.09 KiB)
[2026-07-10 20:52:56] [PROGRESS] dataset import> Importing TRAP files
[2026-07-10 20:52:56] Importing $files.g_sp-jEA2Yu5M0N81HepCbbmpe4=.trap.gz (1 of 16)
[2026-07-10 20:52:56] Importing $files.tVAZ4GmWeSp-K5fVSNmUdRqRA00=.trap.gz (2 of 16)
[2026-07-10 20:52:56] Importing $flags.7n8zNDy1sSpAGL2M-tpdJw4bVp0=.trap.gz (3 of 16)
[2026-07-10 20:52:56] Importing $interpreter3.fVpOHV1N2uCfnuWiTa-dcZfvosY=.trap.gz (4 of 16)
[2026-07-10 20:52:56] Importing $stdlib_33.8PUNXH2bBuvgIGpc8ZnRFiIHQaA=.trap (5 of 16)
[2026-07-10 20:52:56] Importing http.bdDqyzBEJ5NffOxapLj2miA22Yw=.trap.gz (6 of 16)
[2026-07-10 20:52:56] Importing importlib.-TMoOloyM0cOCxarUMD6eh2EiaQ=.trap.gz (7 of 16)
[2026-07-10 20:52:56] Importing json.0m2q6zaMEUHbuJzXVZXl-cdSI_w=.trap.gz (8 of 16)
[2026-07-10 20:52:56] Importing lambda.py.RONLzjeiVqC9G11ZeUltmklzn0c=.trap.gz (9 of 16)
[2026-07-10 20:52:56] Importing metadata.trap.gz (10 of 16)
[2026-07-10 20:52:56] Importing re.xyBQCrahMy0MHE20VQ8LBxFaUU8=.trap.gz (11 of 16)
[2026-07-10 20:52:56] Importing sys.V3BlprxnLx7dkP6ZKsRCnwgT7pU=.trap.gz (12 of 16)
[2026-07-10 20:52:56] Importing test_lambda.py.vPZUCeY_nurDD4h3FI1NWewjEPs=.trap.gz (13 of 16)
[2026-07-10 20:52:56] Importing time.BX2TMxeORPmo8fbkcdmePVSZH58=.trap.gz (14 of 16)
[2026-07-10 20:52:56] Importing unittest.q12Y9RaNyWQ1ZefV_x6GUW9Hj5o=.trap.gz (15 of 16)
[2026-07-10 20:52:56] Importing urllib.ork9SQOm9-bU5OwRtL1zCO8sXFQ=.trap.gz (16 of 16)
[2026-07-10 20:52:56] [PROGRESS] dataset import> Merging relations
[2026-07-10 20:52:56] Merging 1 fragment for 'files'.
[2026-07-10 20:52:56] Merged 30 bytes for 'files'.
[2026-07-10 20:52:56] Merging 1 fragment for 'folders'.
[2026-07-10 20:52:56] Merged 80 bytes for 'folders'.
[2026-07-10 20:52:56] Merging 1 fragment for 'containerparent'.
[2026-07-10 20:52:56] Merged 79 bytes for 'containerparent'.
[2026-07-10 20:52:56] Merging 1 fragment for 'py_flags_versioned'.
[2026-07-10 20:52:56] Merged 189 bytes for 'py_flags_versioned'.
[2026-07-10 20:52:56] Merging 1 fragment for 'py_cobjects'.
[2026-07-10 20:52:56] Merged 4725 bytes (4.61 KiB) for 'py_cobjects'.
[2026-07-10 20:52:56] Merging 1 fragment for 'py_cobjecttypes'.
[2026-07-10 20:52:56] Merged 5597 bytes (5.47 KiB) for 'py_cobjecttypes'.
[2026-07-10 20:52:56] Merging 1 fragment for 'py_cobject_sources'.
[2026-07-10 20:52:56] Merged 6909 bytes (6.75 KiB) for 'py_cobject_sources'.
[2026-07-10 20:52:56] Merging 1 fragment for 'py_cobjectnames'.
[2026-07-10 20:52:56] Merged 6274 bytes (6.13 KiB) for 'py_cobjectnames'.
[2026-07-10 20:52:56] Merging 1 fragment for 'py_cmembers_versioned'.
[2026-07-10 20:52:56] Merged 6698 bytes (6.54 KiB) for 'py_cmembers_versioned'.
[2026-07-10 20:52:56] Merging 1 fragment for 'py_special_objects'.
[2026-07-10 20:52:56] Merged 135 bytes for 'py_special_objects'.
[2026-07-10 20:52:56] Merging 1 fragment for 'py_citems'.
[2026-07-10 20:52:56] Merged 510 bytes for 'py_citems'.
[2026-07-10 20:52:56] Merging 1 fragment for 'ext_rettype'.
[2026-07-10 20:52:56] Merged 4050 bytes (3.96 KiB) for 'ext_rettype'.
[2026-07-10 20:52:56] Merging 1 fragment for 'ext_argtype'.
[2026-07-10 20:52:56] Merged 6815 bytes (6.66 KiB) for 'ext_argtype'.
[2026-07-10 20:52:56] Merging 1 fragment for 'ext_argreturn'.
[2026-07-10 20:52:56] Merged 41 bytes for 'ext_argreturn'.
[2026-07-10 20:52:56] Merging 1 fragment for 'ext_proptype'.
[2026-07-10 20:52:56] Merged 343 bytes for 'ext_proptype'.
[2026-07-10 20:52:56] Merging 1 fragment for 'py_Modules'.
[2026-07-10 20:52:56] Merged 27 bytes for 'py_Modules'.
[2026-07-10 20:52:56] Merging 1 fragment for 'py_module_path'.
[2026-07-10 20:52:56] Merged 48 bytes for 'py_module_path'.
[2026-07-10 20:52:56] Merging 1 fragment for 'py_flow_bb_node'.
[2026-07-10 20:52:56] Merged 9188 bytes (8.97 KiB) for 'py_flow_bb_node'.
[2026-07-10 20:52:56] Merging 1 fragment for 'py_scope_flow'.
[2026-07-10 20:52:56] Merged 874 bytes for 'py_scope_flow'.
[2026-07-10 20:52:56] Merging 1 fragment for 'locations_ast'.
[2026-07-10 20:52:56] Merged 10745 bytes (10.49 KiB) for 'locations_ast'.
[2026-07-10 20:52:56] Merging 1 fragment for 'variable'.
[2026-07-10 20:52:56] Merged 999 bytes for 'variable'.
[2026-07-10 20:52:56] Merging 1 fragment for 'py_extracted_version'.
[2026-07-10 20:52:56] Merged 31 bytes for 'py_extracted_version'.
[2026-07-10 20:52:56] Merging 1 fragment for 'py_stmt_lists'.
[2026-07-10 20:52:56] Merged 297 bytes for 'py_stmt_lists'.
[2026-07-10 20:52:56] Merging 1 fragment for 'py_stmts'.
[2026-07-10 20:52:56] Merged 1315 bytes (1.28 KiB) for 'py_stmts'.
[2026-07-10 20:52:56] Merging 1 fragment for 'py_scopes'.
[2026-07-10 20:52:56] Merged 2734 bytes (2.67 KiB) for 'py_scopes'.
[2026-07-10 20:52:56] Merging 1 fragment for 'py_alias_lists'.
[2026-07-10 20:52:56] Merged 65 bytes for 'py_alias_lists'.
[2026-07-10 20:52:56] Merging 1 fragment for 'py_aliases'.
[2026-07-10 20:52:56] Merged 80 bytes for 'py_aliases'.
[2026-07-10 20:52:56] Merging 1 fragment for 'py_exprs'.
[2026-07-10 20:52:56] Merged 8233 bytes (8.04 KiB) for 'py_exprs'.
[2026-07-10 20:52:56] Merging 1 fragment for 'py_ints'.
[2026-07-10 20:52:56] Merged 47 bytes for 'py_ints'.
[2026-07-10 20:52:56] Merging 1 fragment for 'py_strs'.
[2026-07-10 20:52:56] Merged 2676 bytes (2.61 KiB) for 'py_strs'.
[2026-07-10 20:52:56] Merging 1 fragment for 'py_bools'.
[2026-07-10 20:52:56] Merged 63 bytes for 'py_bools'.
[2026-07-10 20:52:56] Merging 1 fragment for 'py_variables'.
[2026-07-10 20:52:56] Merged 1597 bytes (1.56 KiB) for 'py_variables'.
[2026-07-10 20:52:56] Merging 1 fragment for 'py_expr_contexts'.
[2026-07-10 20:52:56] Merged 2725 bytes (2.66 KiB) for 'py_expr_contexts'.
[2026-07-10 20:52:56] Merging 1 fragment for 'py_expr_lists'.
[2026-07-10 20:52:56] Merged 1621 bytes (1.58 KiB) for 'py_expr_lists'.
[2026-07-10 20:52:56] Merging 1 fragment for 'py_cmpop_lists'.
[2026-07-10 20:52:56] Merged 182 bytes for 'py_cmpop_lists'.
[2026-07-10 20:52:56] Merging 1 fragment for 'py_cmpops'.
[2026-07-10 20:52:56] Merged 247 bytes for 'py_cmpops'.
[2026-07-10 20:52:56] Merging 1 fragment for 'py_arguments'.
[2026-07-10 20:52:56] Merged 144 bytes for 'py_arguments'.
[2026-07-10 20:52:56] Merging 1 fragment for 'py_Functions'.
[2026-07-10 20:52:56] Merged 148 bytes for 'py_Functions'.
[2026-07-10 20:52:56] Merging 1 fragment for 'py_parameter_lists'.
[2026-07-10 20:52:56] Merged 56 bytes for 'py_parameter_lists'.
[2026-07-10 20:52:56] Merging 1 fragment for 'py_unaryops'.
[2026-07-10 20:52:56] Merged 71 bytes for 'py_unaryops'.
[2026-07-10 20:52:56] Merging 1 fragment for 'py_boolops'.
[2026-07-10 20:52:56] Merged 88 bytes for 'py_boolops'.
[2026-07-10 20:52:56] Merging 1 fragment for 'py_operators'.
[2026-07-10 20:52:56] Merged 69 bytes for 'py_operators'.
[2026-07-10 20:52:56] Merging 1 fragment for 'py_numbers'.
[2026-07-10 20:52:56] Merged 200 bytes for 'py_numbers'.
[2026-07-10 20:52:56] Merging 1 fragment for 'py_dict_item_lists'.
[2026-07-10 20:52:56] Merged 253 bytes for 'py_dict_item_lists'.
[2026-07-10 20:52:56] Merging 1 fragment for 'py_dict_items'.
[2026-07-10 20:52:56] Merged 752 bytes for 'py_dict_items'.
[2026-07-10 20:52:56] Merging 1 fragment for 'py_exports'.
[2026-07-10 20:52:56] Merged 80 bytes for 'py_exports'.
[2026-07-10 20:52:56] Merging 1 fragment for 'py_successors'.
[2026-07-10 20:52:56] Merged 5358 bytes (5.23 KiB) for 'py_successors'.
[2026-07-10 20:52:56] Merging 1 fragment for 'py_true_successors'.
[2026-07-10 20:52:56] Merged 224 bytes for 'py_true_successors'.
[2026-07-10 20:52:56] Merging 1 fragment for 'py_false_successors'.
[2026-07-10 20:52:56] Merged 230 bytes for 'py_false_successors'.
[2026-07-10 20:52:56] Merging 1 fragment for 'py_idoms'.
[2026-07-10 20:52:56] Merged 5146 bytes (5.03 KiB) for 'py_idoms'.
[2026-07-10 20:52:56] Merging 1 fragment for 'py_ssa_var'.
[2026-07-10 20:52:56] Merged 556 bytes for 'py_ssa_var'.
[2026-07-10 20:52:56] Merging 1 fragment for 'py_ssa_defn'.
[2026-07-10 20:52:56] Merged 481 bytes for 'py_ssa_defn'.
[2026-07-10 20:52:56] Merging 1 fragment for 'py_ssa_use'.
[2026-07-10 20:52:56] Merged 634 bytes for 'py_ssa_use'.
[2026-07-10 20:52:56] Merging 1 fragment for 'py_exception_successors'.
[2026-07-10 20:52:56] Merged 59 bytes for 'py_exception_successors'.
[2026-07-10 20:52:56] Merging 1 fragment for 'py_scope_location'.
[2026-07-10 20:52:56] Merged 156 bytes for 'py_scope_location'.
[2026-07-10 20:52:56] Merging 1 fragment for 'py_codelines'.
[2026-07-10 20:52:56] Merged 117 bytes for 'py_codelines'.
[2026-07-10 20:52:56] Merging 1 fragment for 'py_commentlines'.
[2026-07-10 20:52:56] Merged 91 bytes for 'py_commentlines'.
[2026-07-10 20:52:56] Merging 1 fragment for 'py_docstringlines'.
[2026-07-10 20:52:56] Merged 82 bytes for 'py_docstringlines'.
[2026-07-10 20:52:56] Merging 1 fragment for 'py_alllines'.
[2026-07-10 20:52:56] Merged 117 bytes for 'py_alllines'.
[2026-07-10 20:52:56] Merging 1 fragment for 'numlines'.
[2026-07-10 20:52:56] Merged 55 bytes for 'numlines'.
[2026-07-10 20:52:56] Merging 1 fragment for 'py_locations'.
[2026-07-10 20:52:56] Merged 4857 bytes (4.74 KiB) for 'py_locations'.
[2026-07-10 20:52:56] Merging 1 fragment for 'sourceLocationPrefix'.
[2026-07-10 20:52:56] Merged 17 bytes for 'sourceLocationPrefix'.
[2026-07-10 20:52:56] Merging 1 fragment for 'py_comments'.
[2026-07-10 20:52:56] Merged 76 bytes for 'py_comments'.
[2026-07-10 20:52:56] Saving string and id pools to disk.
[2026-07-10 20:52:56] Finished importing TRAP files.
[2026-07-10 20:52:56] Read 1.95 MiB of uncompressed TRAP data.
[2026-07-10 20:52:56] Uncompressed relation data size: 455.19 KiB
[2026-07-10 20:52:56] Relation data size: 103.89 KiB (merge rate: 2.67 MiB/s)
[2026-07-10 20:52:56] String pool size: 2.08 MiB
[2026-07-10 20:52:56] ID pool size: 1.09 MiB
[2026-07-10 20:52:56] [PROGRESS] dataset import> Finished writing database (relations: 103.89 KiB; string pool: 2.08 MiB).
[2026-07-10 20:52:56] Pausing evaluation to close the cache at sequence stamp o+129
[2026-07-10 20:52:56] The disk cache is freshly trimmed; leave it be.
[2026-07-10 20:52:56] Unpausing evaluation
[2026-07-10 20:52:56] Plumbing command codeql dataset import completed.
[2026-07-10 20:52:56] [PROGRESS] database finalize> TRAP import complete (379ms).
[2026-07-10 20:52:56] Running plumbing command: codeql database cleanup -- /Users/epratama/Sites/opencode/website-resume/db-backend-python
[2026-07-10 20:52:56] [PROGRESS] database cleanup> Cleaning up existing TRAP files after import...
[2026-07-10 20:52:56] [PROGRESS] database cleanup> TRAP files cleaned up (1ms).
[2026-07-10 20:52:56] [PROGRESS] database cleanup> Cleaning up scratch directory...
[2026-07-10 20:52:56] [PROGRESS] database cleanup> Scratch directory cleaned up (1ms).
[2026-07-10 20:52:57] Running plumbing command: codeql dataset cleanup -- /Users/epratama/Sites/opencode/website-resume/db-backend-python/db-python
[2026-07-10 20:52:57] [PROGRESS] dataset cleanup> Cleaning up dataset in /Users/epratama/Sites/opencode/website-resume/db-backend-python/db-python.
[2026-07-10 20:52:57] Trimming disk cache at /Users/epratama/Sites/opencode/website-resume/db-backend-python/db-python/default/cache in mode trim.
[2026-07-10 20:52:57] Sequence stamp origin is -5893035390296375791
[2026-07-10 20:52:57] Pausing evaluation to quickly trim memory at sequence stamp o+0
[2026-07-10 20:52:57] Unpausing evaluation
[2026-07-10 20:52:57] Pausing evaluation to zealously trim disk at sequence stamp o+1
[2026-07-10 20:52:57] Unpausing evaluation
[2026-07-10 20:52:57] Trimming completed (1ms): Trimmed disposable data from cache.
[2026-07-10 20:52:57] Pausing evaluation to close the cache at sequence stamp o+2
[2026-07-10 20:52:57] The disk cache is freshly trimmed; leave it be.
[2026-07-10 20:52:57] Unpausing evaluation
[2026-07-10 20:52:57] [PROGRESS] dataset cleanup> Trimmed disposable data from cache.
[2026-07-10 20:52:57] [PROGRESS] dataset cleanup> Finalizing dataset in /Users/epratama/Sites/opencode/website-resume/db-backend-python/db-python
[2026-07-10 20:52:57] [DETAILS] dataset cleanup> Finished deleting ID pool from /Users/epratama/Sites/opencode/website-resume/db-backend-python/db-python (2ms).
[2026-07-10 20:52:57] Plumbing command codeql dataset cleanup completed.
[2026-07-10 20:52:57] Plumbing command codeql database cleanup completed with status 0.
[2026-07-10 20:52:57] [PROGRESS] database finalize> Finished zipping source archive (4.61 KiB).
[2026-07-10 20:52:57] Plumbing command codeql database finalize completed.
[2026-07-10 20:52:57] [PROGRESS] database create> Successfully created database at /Users/epratama/Sites/opencode/website-resume/db-backend-python.
[2026-07-10 20:52:57] Terminating normally.
